[]
horovode size 12
N_sequences 5080
N_sequences 80
Epoch 1/50

[]
horovode size 12
N_sequences 5080
N_sequences 80
Epoch 1/50

[]
horovode size 12
N_sequences 5080
N_sequences 80
Epoch 1/50

[]
horovode size 12
N_sequences 5080
N_sequences 80
Epoch 1/50

[]
horovode size 12
N_sequences 5080
N_sequences 80
Epoch 1/50

[]
horovode size 12
N_sequences 5080
N_sequences 80
Epoch 1/50

[]
horovode size 12
N_sequences 5080
N_sequences 80
Epoch 1/50

[]
horovode size 12
N_sequences 5080
N_sequences 80
Epoch 1/50

[]
horovode size 12
N_sequences 5080
N_sequences 80
Epoch 1/50

[]
horovode size 12
N_sequences 5080
N_sequences 80
Epoch 1/50

[]
horovode size 12
N_sequences 5080
N_sequences 80
Epoch 1/50

[]
horovode size 12
N_sequences 5080
N_sequences 80
Epoch 1/50

1/2 [=========>....................] - ETA: 29s - loss: 0.1835 - acc: 1.0000
1/2 [=========>....................] - ETA: 29s - loss: 0.1835 - acc: 1.0000
1/2 [=========>....................] - ETA: 29s - loss: 0.1835 - acc: 1.0000
1/2 [=========>....................] - ETA: 29s - loss: 0.1835 - acc: 1.0000
1/2 [=========>....................] - ETA: 29s - loss: 0.1835 - acc: 1.00001/2 [=========>....................] - ETA: 29s - loss: 0.1835 - acc: 1.0000

1/2 [=========>....................] - ETA: 29s - loss: 0.1835 - acc: 1.0000
1/2 [=========>....................] - ETA: 29s - loss: 0.1835 - acc: 1.0000
1/2 [=========>....................] - ETA: 29s - loss: 0.1835 - acc: 1.0000
1/2 [=========>....................] - ETA: 29s - loss: 0.1835 - acc: 1.0000
1/2 [=========>....................] - ETA: 29s - loss: 0.1835 - acc: 1.0000
1/2 [=========>....................] - ETA: 29s - loss: 0.1835 - acc: 1.0000
2/2 [====================>.........] - ETA: 8s - loss: 0.1599 - acc: 1.0000 
3/2 [================================] - 28s 9s/step - loss: 0.1940 - acc: 1.0000 - val_loss: 0.1638 - val_acc: 1.0000
2/2 [====================>.........] - ETA: 8s - loss: 0.1599 - acc: 1.0000 
3/2 [================================] - 28s 9s/step - loss: 0.1940 - acc: 1.0000 - val_loss: 0.1638 - val_acc: 1.0000
2/2 [====================>.........] - ETA: 8s - loss: 0.1599 - acc: 1.0000 
3/2 [================================] - 28s 9s/step - loss: 0.1940 - acc: 1.0000 - val_loss: 0.1638 - val_acc: 1.0000
2/2 [====================>.........] - ETA: 8s - loss: 0.1599 - acc: 1.0000 
3/2 [================================] - 28s 9s/step - loss: 0.1940 - acc: 1.0000 - val_loss: 0.1638 - val_acc: 1.0000
2/2 [====================>.........] - ETA: 8s - loss: 0.1599 - acc: 1.0000 
3/2 [================================] - 28s 9s/step - loss: 0.1940 - acc: 1.0000 - val_loss: 0.1638 - val_acc: 1.0000
2/2 [====================>.........] - ETA: 8s - loss: 0.1599 - acc: 1.0000 
3/2 [================================] - 28s 9s/step - loss: 0.1940 - acc: 1.0000 - val_loss: 0.1638 - val_acc: 1.0000
2/2 [====================>.........] - ETA: 8s - loss: 0.1599 - acc: 1.0000 
3/2 [================================] - 28s 9s/step - loss: 0.1940 - acc: 1.0000 - val_loss: 0.1638 - val_acc: 1.0000
2/2 [====================>.........] - ETA: 8s - loss: 0.1599 - acc: 1.0000 
3/2 [================================] - 28s 9s/step - loss: 0.1940 - acc: 1.0000 - val_loss: 0.1638 - val_acc: 1.0000
2/2 [====================>.........] - ETA: 8s - loss: 0.1599 - acc: 1.0000 
3/2 [================================] - 28s 9s/step - loss: 0.1940 - acc: 1.0000 - val_loss: 0.1638 - val_acc: 1.0000
2/2 [====================>.........] - ETA: 8s - loss: 0.1599 - acc: 1.0000 
3/2 [================================] - 28s 9s/step - loss: 0.1940 - acc: 1.0000 - val_loss: 0.1638 - val_acc: 1.0000
2/2 [====================>.........] - ETA: 8s - loss: 0.1599 - acc: 1.0000 
3/2 [================================] - 28s 9s/step - loss: 0.1940 - acc: 1.0000 - val_loss: 0.1638 - val_acc: 1.0000
2/2 [====================>.........] - ETA: 8s - loss: 0.1599 - acc: 1.0000 
3/2 [================================] - 28s 9s/step - loss: 0.1940 - acc: 1.0000 - val_loss: 0.1638 - val_acc: 1.0000
Epoch 2/50

Epoch 2/50

Epoch 2/50

Epoch 2/50

Epoch 2/50

Epoch 2/50

Epoch 2/50

Epoch 2/50

Epoch 2/50

Epoch 2/50

Epoch 2/50

Epoch 2/50

1/2 [=========>....................] - ETA: 8s - loss: 0.1371 - acc: 1.00001/2 [=========>....................] - ETA: 8s - loss: 0.1371 - acc: 1.0000

1/2 [=========>....................] - ETA: 8s - loss: 0.1371 - acc: 1.0000
1/2 [=========>....................] - ETA: 8s - loss: 0.1371 - acc: 1.0000
1/2 [=========>....................] - ETA: 8s - loss: 0.1371 - acc: 1.0000
1/2 [=========>....................] - ETA: 8s - loss: 0.1371 - acc: 1.0000
1/2 [=========>....................] - ETA: 8s - loss: 0.1371 - acc: 1.0000
1/2 [=========>....................] - ETA: 8s - loss: 0.1371 - acc: 1.0000
1/2 [=========>....................] - ETA: 8s - loss: 0.1371 - acc: 1.0000
1/2 [=========>....................] - ETA: 8s - loss: 0.1371 - acc: 1.00001/2 [=========>....................] - ETA: 8s - loss: 0.1371 - acc: 1.0000

1/2 [=========>....................] - ETA: 8s - loss: 0.1371 - acc: 1.0000
2/2 [====================>.........] - ETA: 3s - loss: 0.1512 - acc: 1.0000
3/2 [================================] - 15s 5s/step - loss: 0.1401 - acc: 1.0000 - val_loss: 0.1462 - val_acc: 1.0000
2/2 [====================>.........] - ETA: 3s - loss: 0.1512 - acc: 1.0000
3/2 [================================] - 15s 5s/step - loss: 0.1401 - acc: 1.0000 - val_loss: 0.1462 - val_acc: 1.0000
2/2 [====================>.........] - ETA: 3s - loss: 0.1512 - acc: 1.0000
3/2 [================================] - 15s 5s/step - loss: 0.1401 - acc: 1.0000 - val_loss: 0.1462 - val_acc: 1.0000
2/2 [====================>.........] - ETA: 3s - loss: 0.1512 - acc: 1.0000
3/2 [================================] - 15s 5s/step - loss: 0.1401 - acc: 1.0000 - val_loss: 0.1462 - val_acc: 1.0000
2/2 [====================>.........] - ETA: 3s - loss: 0.1512 - acc: 1.0000
3/2 [================================] - 15s 5s/step - loss: 0.1401 - acc: 1.0000 - val_loss: 0.1462 - val_acc: 1.0000
2/2 [====================>.........] - ETA: 3s - loss: 0.1512 - acc: 1.0000
3/2 [================================] - 15s 5s/step - loss: 0.1401 - acc: 1.0000 - val_loss: 0.1462 - val_acc: 1.0000
2/2 [====================>.........] - ETA: 3s - loss: 0.1512 - acc: 1.0000
3/2 [================================] - 15s 5s/step - loss: 0.1401 - acc: 1.0000 - val_loss: 0.1462 - val_acc: 1.0000
2/2 [====================>.........] - ETA: 3s - loss: 0.1512 - acc: 1.0000
3/2 [================================] - 15s 5s/step - loss: 0.1401 - acc: 1.0000 - val_loss: 0.1462 - val_acc: 1.0000
2/2 [====================>.........] - ETA: 3s - loss: 0.1512 - acc: 1.0000
3/2 [================================] - 15s 5s/step - loss: 0.1401 - acc: 1.0000 - val_loss: 0.1462 - val_acc: 1.0000
2/2 [====================>.........] - ETA: 3s - loss: 0.1512 - acc: 1.0000
3/2 [================================] - 15s 5s/step - loss: 0.1401 - acc: 1.0000 - val_loss: 0.1462 - val_acc: 1.0000
2/2 [====================>.........] - ETA: 3s - loss: 0.1512 - acc: 1.0000
3/2 [================================] - 15s 5s/step - loss: 0.1401 - acc: 1.0000 - val_loss: 0.1462 - val_acc: 1.0000
2/2 [====================>.........] - ETA: 3s - loss: 0.1512 - acc: 1.0000
3/2 [================================] - 15s 5s/step - loss: 0.1401 - acc: 1.0000 - val_loss: 0.1462 - val_acc: 1.0000
Epoch 3/50

Epoch 3/50

Epoch 3/50

Epoch 3/50

Epoch 3/50

Epoch 3/50

Epoch 3/50

Epoch 3/50

Epoch 3/50

Epoch 3/50

Epoch 3/50

Epoch 3/50

1/2 [=========>....................] - ETA: 8s - loss: 0.1463 - acc: 1.0000
1/2 [=========>....................] - ETA: 8s - loss: 0.1463 - acc: 1.0000
1/2 [=========>....................] - ETA: 8s - loss: 0.1463 - acc: 1.0000
1/2 [=========>....................] - ETA: 8s - loss: 0.1463 - acc: 1.0000
1/2 [=========>....................] - ETA: 8s - loss: 0.1463 - acc: 1.00001/2 [=========>....................] - ETA: 8s - loss: 0.1463 - acc: 1.0000

1/2 [=========>....................] - ETA: 8s - loss: 0.1463 - acc: 1.0000
1/2 [=========>....................] - ETA: 8s - loss: 0.1463 - acc: 1.0000
1/2 [=========>....................] - ETA: 8s - loss: 0.1463 - acc: 1.0000
1/2 [=========>....................] - ETA: 8s - loss: 0.1463 - acc: 1.0000
1/2 [=========>....................] - ETA: 8s - loss: 0.1463 - acc: 1.0000
1/2 [=========>....................] - ETA: 8s - loss: 0.1463 - acc: 1.0000
2/2 [====================>.........] - ETA: 3s - loss: 0.1233 - acc: 1.0000
3/2 [================================] - 15s 5s/step - loss: 0.1219 - acc: 1.0000 - val_loss: 0.1031 - val_acc: 1.0000
2/2 [====================>.........] - ETA: 3s - loss: 0.1233 - acc: 1.0000
3/2 [================================] - 15s 5s/step - loss: 0.1219 - acc: 1.0000 - val_loss: 0.1031 - val_acc: 1.0000
2/2 [====================>.........] - ETA: 3s - loss: 0.1233 - acc: 1.0000
3/2 [================================] - 15s 5s/step - loss: 0.1219 - acc: 1.0000 - val_loss: 0.1031 - val_acc: 1.0000
2/2 [====================>.........] - ETA: 3s - loss: 0.1233 - acc: 1.0000
3/2 [================================] - 15s 5s/step - loss: 0.1219 - acc: 1.0000 - val_loss: 0.1031 - val_acc: 1.0000
2/2 [====================>.........] - ETA: 3s - loss: 0.1233 - acc: 1.0000
3/2 [================================] - 15s 5s/step - loss: 0.1219 - acc: 1.0000 - val_loss: 0.1031 - val_acc: 1.0000
2/2 [====================>.........] - ETA: 3s - loss: 0.1233 - acc: 1.0000
3/2 [================================] - 15s 5s/step - loss: 0.1219 - acc: 1.0000 - val_loss: 0.1031 - val_acc: 1.0000
2/2 [====================>.........] - ETA: 3s - loss: 0.1233 - acc: 1.0000
3/2 [================================] - 15s 5s/step - loss: 0.1219 - acc: 1.0000 - val_loss: 0.1031 - val_acc: 1.0000
2/2 [====================>.........] - ETA: 3s - loss: 0.1233 - acc: 1.0000
3/2 [================================] - 15s 5s/step - loss: 0.1219 - acc: 1.0000 - val_loss: 0.1031 - val_acc: 1.0000
2/2 [====================>.........] - ETA: 3s - loss: 0.1233 - acc: 1.0000
3/2 [================================] - 15s 5s/step - loss: 0.1219 - acc: 1.0000 - val_loss: 0.1031 - val_acc: 1.0000
2/2 [====================>.........] - ETA: 3s - loss: 0.1233 - acc: 1.0000
3/2 [================================] - 15s 5s/step - loss: 0.1219 - acc: 1.0000 - val_loss: 0.1031 - val_acc: 1.0000
2/2 [====================>.........] - ETA: 3s - loss: 0.1233 - acc: 1.0000
3/2 [================================] - 15s 5s/step - loss: 0.1219 - acc: 1.0000 - val_loss: 0.1031 - val_acc: 1.0000
2/2 [====================>.........] - ETA: 3s - loss: 0.1233 - acc: 1.0000
3/2 [================================] - 15s 5s/step - loss: 0.1219 - acc: 1.0000 - val_loss: 0.1031 - val_acc: 1.0000
Epoch 4/50

Epoch 4/50

Epoch 4/50

Epoch 4/50

Epoch 4/50

Epoch 4/50

Epoch 4/50

Epoch 4/50

Epoch 4/50

Epoch 4/50

Epoch 4/50

Epoch 4/50

1/2 [=========>....................] - ETA: 8s - loss: 0.1508 - acc: 1.00001/2 [=========>....................] - ETA: 8s - loss: 0.1508 - acc: 1.0000

1/2 [=========>....................] - ETA: 8s - loss: 0.1508 - acc: 1.0000
1/2 [=========>....................] - ETA: 8s - loss: 0.1508 - acc: 1.0000
1/2 [=========>....................] - ETA: 8s - loss: 0.1508 - acc: 1.0000
1/2 [=========>....................] - ETA: 8s - loss: 0.1508 - acc: 1.00001/2 [=========>....................] - ETA: 8s - loss: 0.1508 - acc: 1.0000

1/2 [=========>....................] - ETA: 8s - loss: 0.1508 - acc: 1.0000
1/2 [=========>....................] - ETA: 8s - loss: 0.1508 - acc: 1.0000
1/2 [=========>....................] - ETA: 8s - loss: 0.1508 - acc: 1.0000
1/2 [=========>....................] - ETA: 8s - loss: 0.1508 - acc: 1.0000
1/2 [=========>....................] - ETA: 8s - loss: 0.1508 - acc: 1.0000
2/2 [====================>.........] - ETA: 3s - loss: 0.1535 - acc: 1.0000
3/2 [================================] - 15s 5s/step - loss: 0.1499 - acc: 1.0000 - val_loss: 0.1042 - val_acc: 1.0000
2/2 [====================>.........] - ETA: 3s - loss: 0.1535 - acc: 1.0000
3/2 [================================] - 15s 5s/step - loss: 0.1499 - acc: 1.0000 - val_loss: 0.1042 - val_acc: 1.0000
2/2 [====================>.........] - ETA: 3s - loss: 0.1535 - acc: 1.0000
3/2 [================================] - 15s 5s/step - loss: 0.1499 - acc: 1.0000 - val_loss: 0.1042 - val_acc: 1.0000
2/2 [====================>.........] - ETA: 3s - loss: 0.1535 - acc: 1.0000
3/2 [================================] - 15s 5s/step - loss: 0.1499 - acc: 1.0000 - val_loss: 0.1042 - val_acc: 1.0000
2/2 [====================>.........] - ETA: 3s - loss: 0.1535 - acc: 1.0000
3/2 [================================] - 15s 5s/step - loss: 0.1499 - acc: 1.0000 - val_loss: 0.1042 - val_acc: 1.0000
2/2 [====================>.........] - ETA: 3s - loss: 0.1535 - acc: 1.0000
3/2 [================================] - 15s 5s/step - loss: 0.1499 - acc: 1.0000 - val_loss: 0.1042 - val_acc: 1.0000
2/2 [====================>.........] - ETA: 3s - loss: 0.1535 - acc: 1.0000
3/2 [================================] - 15s 5s/step - loss: 0.1499 - acc: 1.0000 - val_loss: 0.1042 - val_acc: 1.0000
2/2 [====================>.........] - ETA: 3s - loss: 0.1535 - acc: 1.0000
3/2 [================================] - 15s 5s/step - loss: 0.1499 - acc: 1.0000 - val_loss: 0.1042 - val_acc: 1.0000
2/2 [====================>.........] - ETA: 3s - loss: 0.1535 - acc: 1.0000
3/2 [================================] - 15s 5s/step - loss: 0.1499 - acc: 1.0000 - val_loss: 0.1042 - val_acc: 1.0000
2/2 [====================>.........] - ETA: 3s - loss: 0.1535 - acc: 1.0000
3/2 [================================] - 15s 5s/step - loss: 0.1499 - acc: 1.0000 - val_loss: 0.1042 - val_acc: 1.0000
2/2 [====================>.........] - ETA: 3s - loss: 0.1535 - acc: 1.0000
3/2 [================================] - 15s 5s/step - loss: 0.1499 - acc: 1.0000 - val_loss: 0.1042 - val_acc: 1.0000
2/2 [====================>.........] - ETA: 3s - loss: 0.1535 - acc: 1.0000
3/2 [================================] - 15s 5s/step - loss: 0.1499 - acc: 1.0000 - val_loss: 0.1042 - val_acc: 1.0000
Epoch 5/50

Epoch 5/50

Epoch 5/50

Epoch 5/50

Epoch 5/50

Epoch 5/50

Epoch 5/50

Epoch 5/50

Epoch 5/50

Epoch 5/50

Epoch 5/50

Epoch 5/50

1/2 [=========>....................] - ETA: 8s - loss: 0.1517 - acc: 1.0000
1/2 [=========>....................] - ETA: 8s - loss: 0.1517 - acc: 1.00001/2 [=========>....................] - ETA: 8s - loss: 0.1517 - acc: 1.0000

1/2 [=========>....................] - ETA: 8s - loss: 0.1517 - acc: 1.0000
1/2 [=========>....................] - ETA: 8s - loss: 0.1517 - acc: 1.00001/2 [=========>....................] - ETA: 8s - loss: 0.1517 - acc: 1.0000
1/2 [=========>....................] - ETA: 8s - loss: 0.1517 - acc: 1.0000

1/2 [=========>....................] - ETA: 8s - loss: 0.1517 - acc: 1.0000
1/2 [=========>....................] - ETA: 8s - loss: 0.1517 - acc: 1.0000
1/2 [=========>....................] - ETA: 8s - loss: 0.1517 - acc: 1.0000
1/2 [=========>....................] - ETA: 8s - loss: 0.1517 - acc: 1.0000
1/2 [=========>....................] - ETA: 8s - loss: 0.1517 - acc: 1.0000
2/2 [====================>.........] - ETA: 3s - loss: 0.1517 - acc: 1.0000
3/2 [================================] - 15s 5s/step - loss: 0.1498 - acc: 1.0000 - val_loss: 0.1087 - val_acc: 1.0000
2/2 [====================>.........] - ETA: 3s - loss: 0.1517 - acc: 1.0000
3/2 [================================] - 15s 5s/step - loss: 0.1498 - acc: 1.0000 - val_loss: 0.1087 - val_acc: 1.0000
2/2 [====================>.........] - ETA: 3s - loss: 0.1517 - acc: 1.0000
3/2 [================================] - 15s 5s/step - loss: 0.1498 - acc: 1.0000 - val_loss: 0.1087 - val_acc: 1.0000
2/2 [====================>.........] - ETA: 3s - loss: 0.1517 - acc: 1.00002/2 [====================>.........] - ETA: 3s - loss: 0.1517 - acc: 1.0000
3/2 [================================] - 15s 5s/step - loss: 0.1498 - acc: 1.0000 - val_loss: 0.1087 - val_acc: 1.0000

3/2 [================================] - 15s 5s/step - loss: 0.1498 - acc: 1.0000 - val_loss: 0.1087 - val_acc: 1.0000
2/2 [====================>.........] - ETA: 3s - loss: 0.1517 - acc: 1.0000
3/2 [================================] - 15s 5s/step - loss: 0.1498 - acc: 1.0000 - val_loss: 0.1087 - val_acc: 1.0000
2/2 [====================>.........] - ETA: 3s - loss: 0.1517 - acc: 1.0000
3/2 [================================] - 15s 5s/step - loss: 0.1498 - acc: 1.0000 - val_loss: 0.1087 - val_acc: 1.0000
2/2 [====================>.........] - ETA: 3s - loss: 0.1517 - acc: 1.0000
3/2 [================================] - 15s 5s/step - loss: 0.1498 - acc: 1.0000 - val_loss: 0.1087 - val_acc: 1.0000
2/2 [====================>.........] - ETA: 3s - loss: 0.1517 - acc: 1.0000
3/2 [================================] - 15s 5s/step - loss: 0.1498 - acc: 1.0000 - val_loss: 0.1087 - val_acc: 1.0000
2/2 [====================>.........] - ETA: 3s - loss: 0.1517 - acc: 1.0000
3/2 [================================] - 15s 5s/step - loss: 0.1498 - acc: 1.0000 - val_loss: 0.1087 - val_acc: 1.0000
2/2 [====================>.........] - ETA: 3s - loss: 0.1517 - acc: 1.0000
3/2 [================================] - 15s 5s/step - loss: 0.1498 - acc: 1.0000 - val_loss: 0.1087 - val_acc: 1.0000
2/2 [====================>.........] - ETA: 3s - loss: 0.1517 - acc: 1.0000
3/2 [================================] - 15s 5s/step - loss: 0.1498 - acc: 1.0000 - val_loss: 0.1087 - val_acc: 1.0000

Epoch 5: finished gradual learning rate warmup to 0.12176.
Epoch 6/50


Epoch 5: finished gradual learning rate warmup to 0.12176.
Epoch 6/50


Epoch 5: finished gradual learning rate warmup to 0.12176.
Epoch 6/50


Epoch 5: finished gradual learning rate warmup to 0.12176.
Epoch 6/50


Epoch 5: finished gradual learning rate warmup to 0.12176.
Epoch 6/50


Epoch 5: finished gradual learning rate warmup to 0.12176.
Epoch 6/50


Epoch 5: finished gradual learning rate warmup to 0.12176.
Epoch 6/50


Epoch 5: finished gradual learning rate warmup to 0.12176.
Epoch 6/50


Epoch 5: finished gradual learning rate warmup to 0.12176.
Epoch 6/50


Epoch 5: finished gradual learning rate warmup to 0.12176.
Epoch 6/50


Epoch 5: finished gradual learning rate warmup to 0.12176.
Epoch 6/50


Epoch 5: finished gradual learning rate warmup to 0.12176.
Epoch 6/50

1/2 [=========>....................] - ETA: 8s - loss: 0.1467 - acc: 1.0000
1/2 [=========>....................] - ETA: 8s - loss: 0.1467 - acc: 1.00001/2 [=========>....................] - ETA: 8s - loss: 0.1467 - acc: 1.0000

1/2 [=========>....................] - ETA: 8s - loss: 0.1467 - acc: 1.0000
1/2 [=========>....................] - ETA: 8s - loss: 0.1467 - acc: 1.00001/2 [=========>....................] - ETA: 8s - loss: 0.1467 - acc: 1.0000

1/2 [=========>....................] - ETA: 8s - loss: 0.1467 - acc: 1.0000
1/2 [=========>....................] - ETA: 8s - loss: 0.1467 - acc: 1.0000
1/2 [=========>....................] - ETA: 8s - loss: 0.1467 - acc: 1.0000
1/2 [=========>....................] - ETA: 8s - loss: 0.1467 - acc: 1.0000
1/2 [=========>....................] - ETA: 8s - loss: 0.1467 - acc: 1.0000
1/2 [=========>....................] - ETA: 8s - loss: 0.1467 - acc: 1.0000
2/2 [====================>.........] - ETA: 3s - loss: 0.1475 - acc: 1.0000
3/2 [================================] - 15s 5s/step - loss: 0.1483 - acc: 1.0000 - val_loss: 0.2561 - val_acc: 1.0000
2/2 [====================>.........] - ETA: 3s - loss: 0.1475 - acc: 1.0000
3/2 [================================] - 15s 5s/step - loss: 0.1483 - acc: 1.0000 - val_loss: 0.2561 - val_acc: 1.0000
2/2 [====================>.........] - ETA: 3s - loss: 0.1475 - acc: 1.0000
3/2 [================================] - 15s 5s/step - loss: 0.1483 - acc: 1.0000 - val_loss: 0.2561 - val_acc: 1.0000
2/2 [====================>.........] - ETA: 3s - loss: 0.1475 - acc: 1.0000
3/2 [================================] - 15s 5s/step - loss: 0.1483 - acc: 1.0000 - val_loss: 0.2561 - val_acc: 1.0000
2/2 [====================>.........] - ETA: 3s - loss: 0.1475 - acc: 1.0000
3/2 [================================] - 15s 5s/step - loss: 0.1483 - acc: 1.0000 - val_loss: 0.2561 - val_acc: 1.0000
2/2 [====================>.........] - ETA: 3s - loss: 0.1475 - acc: 1.0000
3/2 [================================] - 15s 5s/step - loss: 0.1483 - acc: 1.0000 - val_loss: 0.2561 - val_acc: 1.0000
2/2 [====================>.........] - ETA: 3s - loss: 0.1475 - acc: 1.0000
3/2 [================================] - 15s 5s/step - loss: 0.1483 - acc: 1.0000 - val_loss: 0.2561 - val_acc: 1.0000
2/2 [====================>.........] - ETA: 3s - loss: 0.1475 - acc: 1.0000
3/2 [================================] - 15s 5s/step - loss: 0.1483 - acc: 1.0000 - val_loss: 0.2561 - val_acc: 1.0000
2/2 [====================>.........] - ETA: 3s - loss: 0.1475 - acc: 1.0000
3/2 [================================] - 15s 5s/step - loss: 0.1483 - acc: 1.0000 - val_loss: 0.2561 - val_acc: 1.0000
2/2 [====================>.........] - ETA: 3s - loss: 0.1475 - acc: 1.0000
3/2 [================================] - 15s 5s/step - loss: 0.1483 - acc: 1.0000 - val_loss: 0.2561 - val_acc: 1.0000
2/2 [====================>.........] - ETA: 3s - loss: 0.1475 - acc: 1.0000
3/2 [================================] - 15s 5s/step - loss: 0.1483 - acc: 1.0000 - val_loss: 0.2561 - val_acc: 1.0000
2/2 [====================>.........] - ETA: 3s - loss: 0.1475 - acc: 1.0000
3/2 [================================] - 15s 5s/step - loss: 0.1483 - acc: 1.0000 - val_loss: 0.2561 - val_acc: 1.0000
Epoch 7/50

Epoch 7/50

Epoch 7/50

Epoch 7/50

Epoch 7/50

Epoch 7/50

Epoch 7/50

Epoch 7/50

Epoch 7/50

Epoch 7/50

Epoch 7/50

Epoch 7/50

1/2 [=========>....................] - ETA: 8s - loss: 0.1379 - acc: 1.0000
1/2 [=========>....................] - ETA: 8s - loss: 0.1379 - acc: 1.0000
1/2 [=========>....................] - ETA: 8s - loss: 0.1379 - acc: 1.0000
1/2 [=========>....................] - ETA: 8s - loss: 0.1379 - acc: 1.0000
1/2 [=========>....................] - ETA: 8s - loss: 0.1379 - acc: 1.00001/2 [=========>....................] - ETA: 8s - loss: 0.1379 - acc: 1.0000
1/2 [=========>....................] - ETA: 8s - loss: 0.1379 - acc: 1.0000

1/2 [=========>....................] - ETA: 8s - loss: 0.1379 - acc: 1.0000
1/2 [=========>....................] - ETA: 8s - loss: 0.1379 - acc: 1.0000
1/2 [=========>....................] - ETA: 8s - loss: 0.1379 - acc: 1.00001/2 [=========>....................] - ETA: 8s - loss: 0.1379 - acc: 1.0000

1/2 [=========>....................] - ETA: 8s - loss: 0.1379 - acc: 1.0000
2/2 [====================>.........] - ETA: 3s - loss: 0.1442 - acc: 1.0000
3/2 [================================] - 15s 5s/step - loss: 0.1423 - acc: 1.0000 - val_loss: 0.1028 - val_acc: 1.0000
2/2 [====================>.........] - ETA: 3s - loss: 0.1442 - acc: 1.0000
3/2 [================================] - 15s 5s/step - loss: 0.1423 - acc: 1.0000 - val_loss: 0.1028 - val_acc: 1.0000
2/2 [====================>.........] - ETA: 3s - loss: 0.1442 - acc: 1.0000
3/2 [================================] - 15s 5s/step - loss: 0.1423 - acc: 1.0000 - val_loss: 0.1028 - val_acc: 1.0000
2/2 [====================>.........] - ETA: 3s - loss: 0.1442 - acc: 1.0000
3/2 [================================] - 15s 5s/step - loss: 0.1423 - acc: 1.0000 - val_loss: 0.1028 - val_acc: 1.0000
2/2 [====================>.........] - ETA: 3s - loss: 0.1442 - acc: 1.0000
3/2 [================================] - 15s 5s/step - loss: 0.1423 - acc: 1.0000 - val_loss: 0.1028 - val_acc: 1.0000
2/2 [====================>.........] - ETA: 3s - loss: 0.1442 - acc: 1.0000
3/2 [================================] - 15s 5s/step - loss: 0.1423 - acc: 1.0000 - val_loss: 0.1028 - val_acc: 1.0000
2/2 [====================>.........] - ETA: 3s - loss: 0.1442 - acc: 1.0000
3/2 [================================] - 15s 5s/step - loss: 0.1423 - acc: 1.0000 - val_loss: 0.1028 - val_acc: 1.0000
2/2 [====================>.........] - ETA: 3s - loss: 0.1442 - acc: 1.0000
3/2 [================================] - 15s 5s/step - loss: 0.1423 - acc: 1.0000 - val_loss: 0.1028 - val_acc: 1.0000
2/2 [====================>.........] - ETA: 3s - loss: 0.1442 - acc: 1.0000
3/2 [================================] - 15s 5s/step - loss: 0.1423 - acc: 1.0000 - val_loss: 0.1028 - val_acc: 1.0000
2/2 [====================>.........] - ETA: 3s - loss: 0.1442 - acc: 1.0000
3/2 [================================] - 15s 5s/step - loss: 0.1423 - acc: 1.0000 - val_loss: 0.1028 - val_acc: 1.0000
2/2 [====================>.........] - ETA: 3s - loss: 0.1442 - acc: 1.0000
3/2 [================================] - 15s 5s/step - loss: 0.1423 - acc: 1.0000 - val_loss: 0.1028 - val_acc: 1.0000
2/2 [====================>.........] - ETA: 3s - loss: 0.1442 - acc: 1.0000
3/2 [================================] - 15s 5s/step - loss: 0.1423 - acc: 1.0000 - val_loss: 0.1028 - val_acc: 1.0000
Epoch 8/50

Epoch 8/50

Epoch 8/50

Epoch 8/50

Epoch 8/50

Epoch 8/50

Epoch 8/50

Epoch 8/50

Epoch 8/50

Epoch 8/50

Epoch 8/50

Epoch 8/50

1/2 [=========>....................] - ETA: 8s - loss: 0.1394 - acc: 1.0000
1/2 [=========>....................] - ETA: 8s - loss: 0.1394 - acc: 1.0000
1/2 [=========>....................] - ETA: 8s - loss: 0.1394 - acc: 1.00001/2 [=========>....................] - ETA: 8s - loss: 0.1394 - acc: 1.0000

1/2 [=========>....................] - ETA: 8s - loss: 0.1394 - acc: 1.00001/2 [=========>....................] - ETA: 8s - loss: 0.1394 - acc: 1.0000

1/2 [=========>....................] - ETA: 8s - loss: 0.1394 - acc: 1.0000
1/2 [=========>....................] - ETA: 8s - loss: 0.1394 - acc: 1.0000
1/2 [=========>....................] - ETA: 8s - loss: 0.1394 - acc: 1.0000
1/2 [=========>....................] - ETA: 8s - loss: 0.1394 - acc: 1.0000
1/2 [=========>....................] - ETA: 8s - loss: 0.1394 - acc: 1.0000
1/2 [=========>....................] - ETA: 8s - loss: 0.1394 - acc: 1.0000
2/2 [====================>.........] - ETA: 3s - loss: 0.1374 - acc: 1.0000
3/2 [================================] - 15s 5s/step - loss: 0.1368 - acc: 1.0000 - val_loss: 0.1097 - val_acc: 1.0000
2/2 [====================>.........] - ETA: 3s - loss: 0.1374 - acc: 1.0000
3/2 [================================] - 15s 5s/step - loss: 0.1368 - acc: 1.0000 - val_loss: 0.1097 - val_acc: 1.0000
2/2 [====================>.........] - ETA: 3s - loss: 0.1374 - acc: 1.0000
3/2 [================================] - 15s 5s/step - loss: 0.1368 - acc: 1.0000 - val_loss: 0.1097 - val_acc: 1.0000
2/2 [====================>.........] - ETA: 3s - loss: 0.1374 - acc: 1.0000
3/2 [================================] - 15s 5s/step - loss: 0.1368 - acc: 1.0000 - val_loss: 0.1097 - val_acc: 1.0000
2/2 [====================>.........] - ETA: 3s - loss: 0.1374 - acc: 1.0000
3/2 [================================] - 15s 5s/step - loss: 0.1368 - acc: 1.0000 - val_loss: 0.1097 - val_acc: 1.0000
2/2 [====================>.........] - ETA: 3s - loss: 0.1374 - acc: 1.0000
3/2 [================================] - 15s 5s/step - loss: 0.1368 - acc: 1.0000 - val_loss: 0.1097 - val_acc: 1.0000
2/2 [====================>.........] - ETA: 3s - loss: 0.1374 - acc: 1.0000
3/2 [================================] - 15s 5s/step - loss: 0.1368 - acc: 1.0000 - val_loss: 0.1097 - val_acc: 1.0000
2/2 [====================>.........] - ETA: 3s - loss: 0.1374 - acc: 1.0000
3/2 [================================] - 15s 5s/step - loss: 0.1368 - acc: 1.0000 - val_loss: 0.1097 - val_acc: 1.0000
2/2 [====================>.........] - ETA: 3s - loss: 0.1374 - acc: 1.0000
3/2 [================================] - 15s 5s/step - loss: 0.1368 - acc: 1.0000 - val_loss: 0.1097 - val_acc: 1.0000
2/2 [====================>.........] - ETA: 3s - loss: 0.1374 - acc: 1.0000
3/2 [================================] - 15s 5s/step - loss: 0.1368 - acc: 1.0000 - val_loss: 0.1097 - val_acc: 1.0000
2/2 [====================>.........] - ETA: 3s - loss: 0.1374 - acc: 1.0000
3/2 [================================] - 15s 5s/step - loss: 0.1368 - acc: 1.0000 - val_loss: 0.1097 - val_acc: 1.0000
2/2 [====================>.........] - ETA: 3s - loss: 0.1374 - acc: 1.0000
3/2 [================================] - 15s 5s/step - loss: 0.1368 - acc: 1.0000 - val_loss: 0.1097 - val_acc: 1.0000
Epoch 9/50

Epoch 9/50

Epoch 9/50

Epoch 9/50

Epoch 9/50

Epoch 9/50

Epoch 9/50

Epoch 9/50

Epoch 9/50

Epoch 9/50

Epoch 9/50

Epoch 9/50

1/2 [=========>....................] - ETA: 8s - loss: 0.1444 - acc: 1.0000
1/2 [=========>....................] - ETA: 8s - loss: 0.1444 - acc: 1.0000
1/2 [=========>....................] - ETA: 8s - loss: 0.1444 - acc: 1.0000
1/2 [=========>....................] - ETA: 8s - loss: 0.1444 - acc: 1.00001/2 [=========>....................] - ETA: 8s - loss: 0.1444 - acc: 1.0000
1/2 [=========>....................] - ETA: 8s - loss: 0.1444 - acc: 1.0000
1/2 [=========>....................] - ETA: 8s - loss: 0.1444 - acc: 1.0000
1/2 [=========>....................] - ETA: 8s - loss: 0.1444 - acc: 1.0000

1/2 [=========>....................] - ETA: 8s - loss: 0.1444 - acc: 1.00001/2 [=========>....................] - ETA: 8s - loss: 0.1444 - acc: 1.0000

1/2 [=========>....................] - ETA: 8s - loss: 0.1444 - acc: 1.0000
1/2 [=========>....................] - ETA: 8s - loss: 0.1444 - acc: 1.0000
2/2 [====================>.........] - ETA: 3s - loss: 0.1456 - acc: 1.0000
3/2 [================================] - 15s 5s/step - loss: 0.1439 - acc: 1.0000 - val_loss: 0.1037 - val_acc: 1.0000
2/2 [====================>.........] - ETA: 3s - loss: 0.1456 - acc: 1.0000
3/2 [================================] - 15s 5s/step - loss: 0.1439 - acc: 1.0000 - val_loss: 0.1037 - val_acc: 1.0000
2/2 [====================>.........] - ETA: 3s - loss: 0.1456 - acc: 1.0000
3/2 [================================] - 15s 5s/step - loss: 0.1439 - acc: 1.0000 - val_loss: 0.1037 - val_acc: 1.0000
2/2 [====================>.........] - ETA: 3s - loss: 0.1456 - acc: 1.0000
3/2 [================================] - 15s 5s/step - loss: 0.1439 - acc: 1.0000 - val_loss: 0.1037 - val_acc: 1.0000
2/2 [====================>.........] - ETA: 3s - loss: 0.1456 - acc: 1.0000
3/2 [================================] - 15s 5s/step - loss: 0.1439 - acc: 1.0000 - val_loss: 0.1037 - val_acc: 1.0000
2/2 [====================>.........] - ETA: 3s - loss: 0.1456 - acc: 1.0000
3/2 [================================] - 15s 5s/step - loss: 0.1439 - acc: 1.0000 - val_loss: 0.1037 - val_acc: 1.0000
2/2 [====================>.........] - ETA: 3s - loss: 0.1456 - acc: 1.0000
3/2 [================================] - 15s 5s/step - loss: 0.1439 - acc: 1.0000 - val_loss: 0.1037 - val_acc: 1.0000
2/2 [====================>.........] - ETA: 3s - loss: 0.1456 - acc: 1.0000
3/2 [================================] - 15s 5s/step - loss: 0.1439 - acc: 1.0000 - val_loss: 0.1037 - val_acc: 1.0000
2/2 [====================>.........] - ETA: 3s - loss: 0.1456 - acc: 1.0000
3/2 [================================] - 15s 5s/step - loss: 0.1439 - acc: 1.0000 - val_loss: 0.1037 - val_acc: 1.0000
2/2 [====================>.........] - ETA: 3s - loss: 0.1456 - acc: 1.0000
3/2 [================================] - 15s 5s/step - loss: 0.1439 - acc: 1.0000 - val_loss: 0.1037 - val_acc: 1.0000
2/2 [====================>.........] - ETA: 3s - loss: 0.1456 - acc: 1.0000
3/2 [================================] - 15s 5s/step - loss: 0.1439 - acc: 1.0000 - val_loss: 0.1037 - val_acc: 1.0000
2/2 [====================>.........] - ETA: 3s - loss: 0.1456 - acc: 1.0000
3/2 [================================] - 15s 5s/step - loss: 0.1439 - acc: 1.0000 - val_loss: 0.1037 - val_acc: 1.0000
Epoch 10/50

Epoch 10/50

Epoch 10/50

Epoch 10/50

Epoch 10/50

Epoch 10/50

Epoch 10/50

Epoch 10/50

Epoch 10/50

Epoch 10/50

Epoch 10/50

Epoch 10/50

1/2 [=========>....................] - ETA: 8s - loss: 0.1467 - acc: 1.0000
1/2 [=========>....................] - ETA: 8s - loss: 0.1467 - acc: 1.0000
1/2 [=========>....................] - ETA: 8s - loss: 0.1467 - acc: 1.0000
1/2 [=========>....................] - ETA: 8s - loss: 0.1467 - acc: 1.0000
1/2 [=========>....................] - ETA: 8s - loss: 0.1467 - acc: 1.0000
1/2 [=========>....................] - ETA: 8s - loss: 0.1467 - acc: 1.0000
1/2 [=========>....................] - ETA: 8s - loss: 0.1467 - acc: 1.0000
1/2 [=========>....................] - ETA: 8s - loss: 0.1467 - acc: 1.0000
1/2 [=========>....................] - ETA: 8s - loss: 0.1467 - acc: 1.0000
1/2 [=========>....................] - ETA: 8s - loss: 0.1467 - acc: 1.00001/2 [=========>....................] - ETA: 8s - loss: 0.1467 - acc: 1.0000

1/2 [=========>....................] - ETA: 8s - loss: 0.1467 - acc: 1.0000
2/2 [====================>.........] - ETA: 3s - loss: 0.1427 - acc: 1.0000
3/2 [================================] - 15s 5s/step - loss: 0.1402 - acc: 1.0000 - val_loss: 0.1044 - val_acc: 1.0000
2/2 [====================>.........] - ETA: 3s - loss: 0.1427 - acc: 1.0000
3/2 [================================] - 15s 5s/step - loss: 0.1402 - acc: 1.0000 - val_loss: 0.1044 - val_acc: 1.0000
2/2 [====================>.........] - ETA: 3s - loss: 0.1427 - acc: 1.0000
3/2 [================================] - 15s 5s/step - loss: 0.1402 - acc: 1.0000 - val_loss: 0.1044 - val_acc: 1.0000
2/2 [====================>.........] - ETA: 3s - loss: 0.1427 - acc: 1.0000
3/2 [================================] - 15s 5s/step - loss: 0.1402 - acc: 1.0000 - val_loss: 0.1044 - val_acc: 1.0000
2/2 [====================>.........] - ETA: 3s - loss: 0.1427 - acc: 1.0000
3/2 [================================] - 15s 5s/step - loss: 0.1402 - acc: 1.0000 - val_loss: 0.1044 - val_acc: 1.0000
2/2 [====================>.........] - ETA: 3s - loss: 0.1427 - acc: 1.0000
3/2 [================================] - 15s 5s/step - loss: 0.1402 - acc: 1.0000 - val_loss: 0.1044 - val_acc: 1.0000
2/2 [====================>.........] - ETA: 3s - loss: 0.1427 - acc: 1.0000
3/2 [================================] - 15s 5s/step - loss: 0.1402 - acc: 1.0000 - val_loss: 0.1044 - val_acc: 1.0000
2/2 [====================>.........] - ETA: 3s - loss: 0.1427 - acc: 1.0000
3/2 [================================] - 15s 5s/step - loss: 0.1402 - acc: 1.0000 - val_loss: 0.1044 - val_acc: 1.0000
2/2 [====================>.........] - ETA: 3s - loss: 0.1427 - acc: 1.0000
3/2 [================================] - 15s 5s/step - loss: 0.1402 - acc: 1.0000 - val_loss: 0.1044 - val_acc: 1.0000
2/2 [====================>.........] - ETA: 3s - loss: 0.1427 - acc: 1.0000
3/2 [================================] - 15s 5s/step - loss: 0.1402 - acc: 1.0000 - val_loss: 0.1044 - val_acc: 1.0000
2/2 [====================>.........] - ETA: 3s - loss: 0.1427 - acc: 1.0000
3/2 [================================] - 15s 5s/step - loss: 0.1402 - acc: 1.0000 - val_loss: 0.1044 - val_acc: 1.0000
2/2 [====================>.........] - ETA: 3s - loss: 0.1427 - acc: 1.0000
3/2 [================================] - 15s 5s/step - loss: 0.1402 - acc: 1.0000 - val_loss: 0.1044 - val_acc: 1.0000
Epoch 11/50

Epoch 11/50

Epoch 11/50

Epoch 11/50

Epoch 11/50

Epoch 11/50

Epoch 11/50

Epoch 11/50

Epoch 11/50

Epoch 11/50

Epoch 11/50

Epoch 11/50

1/2 [=========>....................] - ETA: 8s - loss: 0.1314 - acc: 1.00001/2 [=========>....................] - ETA: 8s - loss: 0.1314 - acc: 1.0000

1/2 [=========>....................] - ETA: 8s - loss: 0.1314 - acc: 1.00001/2 [=========>....................] - ETA: 8s - loss: 0.1314 - acc: 1.0000

1/2 [=========>....................] - ETA: 8s - loss: 0.1314 - acc: 1.0000
1/2 [=========>....................] - ETA: 8s - loss: 0.1314 - acc: 1.0000
1/2 [=========>....................] - ETA: 8s - loss: 0.1314 - acc: 1.0000
1/2 [=========>....................] - ETA: 8s - loss: 0.1314 - acc: 1.00001/2 [=========>....................] - ETA: 8s - loss: 0.1314 - acc: 1.0000
1/2 [=========>....................] - ETA: 8s - loss: 0.1314 - acc: 1.0000

1/2 [=========>....................] - ETA: 7s - loss: 0.1314 - acc: 1.0000
1/2 [=========>....................] - ETA: 8s - loss: 0.1314 - acc: 1.0000
2/2 [====================>.........] - ETA: 3s - loss: 0.1382 - acc: 1.0000
3/2 [================================] - 15s 5s/step - loss: 0.1401 - acc: 1.0000 - val_loss: 0.1087 - val_acc: 1.0000
2/2 [====================>.........] - ETA: 3s - loss: 0.1382 - acc: 1.0000
3/2 [================================] - 15s 5s/step - loss: 0.1401 - acc: 1.0000 - val_loss: 0.1087 - val_acc: 1.0000
2/2 [====================>.........] - ETA: 3s - loss: 0.1382 - acc: 1.0000
3/2 [================================] - 15s 5s/step - loss: 0.1401 - acc: 1.0000 - val_loss: 0.1087 - val_acc: 1.0000
2/2 [====================>.........] - ETA: 3s - loss: 0.1382 - acc: 1.0000
3/2 [================================] - 15s 5s/step - loss: 0.1401 - acc: 1.0000 - val_loss: 0.1087 - val_acc: 1.0000
2/2 [====================>.........] - ETA: 3s - loss: 0.1382 - acc: 1.0000
3/2 [================================] - 15s 5s/step - loss: 0.1401 - acc: 1.0000 - val_loss: 0.1087 - val_acc: 1.0000
2/2 [====================>.........] - ETA: 3s - loss: 0.1382 - acc: 1.0000
3/2 [================================] - 15s 5s/step - loss: 0.1401 - acc: 1.0000 - val_loss: 0.1087 - val_acc: 1.0000
2/2 [====================>.........] - ETA: 3s - loss: 0.1382 - acc: 1.0000
3/2 [================================] - 15s 5s/step - loss: 0.1401 - acc: 1.0000 - val_loss: 0.1087 - val_acc: 1.0000
2/2 [====================>.........] - ETA: 3s - loss: 0.1382 - acc: 1.0000
3/2 [================================] - 15s 5s/step - loss: 0.1401 - acc: 1.0000 - val_loss: 0.1087 - val_acc: 1.0000
2/2 [====================>.........] - ETA: 3s - loss: 0.1382 - acc: 1.0000
3/2 [================================] - 15s 5s/step - loss: 0.1401 - acc: 1.0000 - val_loss: 0.1087 - val_acc: 1.0000
2/2 [====================>.........] - ETA: 3s - loss: 0.1382 - acc: 1.0000
3/2 [================================] - 15s 5s/step - loss: 0.1401 - acc: 1.0000 - val_loss: 0.1087 - val_acc: 1.0000
2/2 [====================>.........] - ETA: 3s - loss: 0.1382 - acc: 1.0000
3/2 [================================] - 15s 5s/step - loss: 0.1401 - acc: 1.0000 - val_loss: 0.1087 - val_acc: 1.0000
2/2 [====================>.........] - ETA: 3s - loss: 0.1382 - acc: 1.0000
3/2 [================================] - 15s 5s/step - loss: 0.1401 - acc: 1.0000 - val_loss: 0.1087 - val_acc: 1.0000
Epoch 12/50

Epoch 12/50

Epoch 12/50

Epoch 12/50

Epoch 12/50

Epoch 12/50

Epoch 12/50

Epoch 12/50

Epoch 12/50

Epoch 12/50

Epoch 12/50

Epoch 12/50

1/2 [=========>....................] - ETA: 8s - loss: 0.1510 - acc: 1.0000
1/2 [=========>....................] - ETA: 8s - loss: 0.1510 - acc: 1.0000
1/2 [=========>....................] - ETA: 8s - loss: 0.1510 - acc: 1.0000
1/2 [=========>....................] - ETA: 8s - loss: 0.1510 - acc: 1.00001/2 [=========>....................] - ETA: 8s - loss: 0.1510 - acc: 1.0000

1/2 [=========>....................] - ETA: 8s - loss: 0.1510 - acc: 1.0000
1/2 [=========>....................] - ETA: 8s - loss: 0.1510 - acc: 1.0000
1/2 [=========>....................] - ETA: 8s - loss: 0.1510 - acc: 1.0000
1/2 [=========>....................] - ETA: 8s - loss: 0.1510 - acc: 1.0000
1/2 [=========>....................] - ETA: 8s - loss: 0.1510 - acc: 1.0000
1/2 [=========>....................] - ETA: 8s - loss: 0.1510 - acc: 1.0000
1/2 [=========>....................] - ETA: 8s - loss: 0.1510 - acc: 1.0000
2/2 [====================>.........] - ETA: 3s - loss: 0.1514 - acc: 1.0000
3/2 [================================] - 15s 5s/step - loss: 0.1497 - acc: 1.0000 - val_loss: 0.2561 - val_acc: 1.0000
2/2 [====================>.........] - ETA: 3s - loss: 0.1514 - acc: 1.0000
3/2 [================================] - 15s 5s/step - loss: 0.1497 - acc: 1.0000 - val_loss: 0.2561 - val_acc: 1.0000
2/2 [====================>.........] - ETA: 3s - loss: 0.1514 - acc: 1.0000
3/2 [================================] - 15s 5s/step - loss: 0.1497 - acc: 1.0000 - val_loss: 0.2561 - val_acc: 1.0000
2/2 [====================>.........] - ETA: 3s - loss: 0.1514 - acc: 1.0000
3/2 [================================] - 15s 5s/step - loss: 0.1497 - acc: 1.0000 - val_loss: 0.2561 - val_acc: 1.0000
2/2 [====================>.........] - ETA: 3s - loss: 0.1514 - acc: 1.0000
3/2 [================================] - 15s 5s/step - loss: 0.1497 - acc: 1.0000 - val_loss: 0.2561 - val_acc: 1.0000
2/2 [====================>.........] - ETA: 3s - loss: 0.1514 - acc: 1.0000
3/2 [================================] - 15s 5s/step - loss: 0.1497 - acc: 1.0000 - val_loss: 0.2561 - val_acc: 1.0000
2/2 [====================>.........] - ETA: 3s - loss: 0.1514 - acc: 1.0000
3/2 [================================] - 15s 5s/step - loss: 0.1497 - acc: 1.0000 - val_loss: 0.2561 - val_acc: 1.0000
2/2 [====================>.........] - ETA: 3s - loss: 0.1514 - acc: 1.0000
3/2 [================================] - 15s 5s/step - loss: 0.1497 - acc: 1.0000 - val_loss: 0.2561 - val_acc: 1.0000
2/2 [====================>.........] - ETA: 3s - loss: 0.1514 - acc: 1.0000
3/2 [================================] - 15s 5s/step - loss: 0.1497 - acc: 1.0000 - val_loss: 0.2561 - val_acc: 1.0000
2/2 [====================>.........] - ETA: 3s - loss: 0.1514 - acc: 1.0000
3/2 [================================] - 15s 5s/step - loss: 0.1497 - acc: 1.0000 - val_loss: 0.2561 - val_acc: 1.0000
2/2 [====================>.........] - ETA: 3s - loss: 0.1514 - acc: 1.0000
3/2 [================================] - 15s 5s/step - loss: 0.1497 - acc: 1.0000 - val_loss: 0.2561 - val_acc: 1.0000
2/2 [====================>.........] - ETA: 3s - loss: 0.1514 - acc: 1.0000
3/2 [================================] - 15s 5s/step - loss: 0.1497 - acc: 1.0000 - val_loss: 0.2561 - val_acc: 1.0000
Epoch 13/50

Epoch 13/50

Epoch 13/50

Epoch 13/50

Epoch 13/50

Epoch 13/50

Epoch 13/50

Epoch 13/50

Epoch 13/50

Epoch 13/50

Epoch 13/50

Epoch 13/50

1/2 [=========>....................] - ETA: 8s - loss: 0.1452 - acc: 1.00001/2 [=========>....................] - ETA: 8s - loss: 0.1452 - acc: 1.0000

1/2 [=========>....................] - ETA: 8s - loss: 0.1452 - acc: 1.00001/2 [=========>....................] - ETA: 8s - loss: 0.1452 - acc: 1.00001/2 [=========>....................] - ETA: 8s - loss: 0.1452 - acc: 1.0000


1/2 [=========>....................] - ETA: 8s - loss: 0.1452 - acc: 1.00001/2 [=========>....................] - ETA: 8s - loss: 0.1452 - acc: 1.0000

1/2 [=========>....................] - ETA: 8s - loss: 0.1452 - acc: 1.0000
1/2 [=========>....................] - ETA: 8s - loss: 0.1452 - acc: 1.0000
1/2 [=========>....................] - ETA: 8s - loss: 0.1452 - acc: 1.0000
1/2 [=========>....................] - ETA: 8s - loss: 0.1452 - acc: 1.0000
1/2 [=========>....................] - ETA: 8s - loss: 0.1452 - acc: 1.0000
2/2 [====================>.........] - ETA: 3s - loss: 0.1442 - acc: 1.0000
3/2 [================================] - 15s 5s/step - loss: 0.1447 - acc: 1.0000 - val_loss: 0.1028 - val_acc: 1.0000
2/2 [====================>.........] - ETA: 3s - loss: 0.1442 - acc: 1.0000
3/2 [================================] - 15s 5s/step - loss: 0.1447 - acc: 1.0000 - val_loss: 0.1028 - val_acc: 1.0000
2/2 [====================>.........] - ETA: 3s - loss: 0.1442 - acc: 1.0000
3/2 [================================] - 15s 5s/step - loss: 0.1447 - acc: 1.0000 - val_loss: 0.1028 - val_acc: 1.0000
2/2 [====================>.........] - ETA: 3s - loss: 0.1442 - acc: 1.0000
3/2 [================================] - 15s 5s/step - loss: 0.1447 - acc: 1.0000 - val_loss: 0.1028 - val_acc: 1.0000
2/2 [====================>.........] - ETA: 3s - loss: 0.1442 - acc: 1.0000
3/2 [================================] - 15s 5s/step - loss: 0.1447 - acc: 1.0000 - val_loss: 0.1028 - val_acc: 1.0000
2/2 [====================>.........] - ETA: 3s - loss: 0.1442 - acc: 1.0000
3/2 [================================] - 15s 5s/step - loss: 0.1447 - acc: 1.0000 - val_loss: 0.1028 - val_acc: 1.0000
2/2 [====================>.........] - ETA: 3s - loss: 0.1442 - acc: 1.0000
3/2 [================================] - 15s 5s/step - loss: 0.1447 - acc: 1.0000 - val_loss: 0.1028 - val_acc: 1.0000
2/2 [====================>.........] - ETA: 3s - loss: 0.1442 - acc: 1.0000
3/2 [================================] - 15s 5s/step - loss: 0.1447 - acc: 1.0000 - val_loss: 0.1028 - val_acc: 1.0000
2/2 [====================>.........] - ETA: 3s - loss: 0.1442 - acc: 1.0000
3/2 [================================] - 15s 5s/step - loss: 0.1447 - acc: 1.0000 - val_loss: 0.1028 - val_acc: 1.0000
2/2 [====================>.........] - ETA: 3s - loss: 0.1442 - acc: 1.0000
3/2 [================================] - 15s 5s/step - loss: 0.1447 - acc: 1.0000 - val_loss: 0.1028 - val_acc: 1.0000
2/2 [====================>.........] - ETA: 3s - loss: 0.1442 - acc: 1.0000
3/2 [================================] - 15s 5s/step - loss: 0.1447 - acc: 1.0000 - val_loss: 0.1028 - val_acc: 1.0000
2/2 [====================>.........] - ETA: 3s - loss: 0.1442 - acc: 1.0000
3/2 [================================] - 15s 5s/step - loss: 0.1447 - acc: 1.0000 - val_loss: 0.1028 - val_acc: 1.0000
Epoch 14/50

Epoch 14/50

Epoch 14/50

Epoch 14/50

Epoch 14/50

Epoch 14/50

Epoch 14/50

Epoch 14/50

Epoch 14/50

Epoch 14/50

Epoch 14/50

Epoch 14/50

1/2 [=========>....................] - ETA: 8s - loss: 0.1388 - acc: 1.0000
1/2 [=========>....................] - ETA: 8s - loss: 0.1388 - acc: 1.00001/2 [=========>....................] - ETA: 8s - loss: 0.1388 - acc: 1.0000

1/2 [=========>....................] - ETA: 8s - loss: 0.1388 - acc: 1.00001/2 [=========>....................] - ETA: 8s - loss: 0.1388 - acc: 1.0000

1/2 [=========>....................] - ETA: 8s - loss: 0.1388 - acc: 1.0000
1/2 [=========>....................] - ETA: 8s - loss: 0.1388 - acc: 1.00001/2 [=========>....................] - ETA: 8s - loss: 0.1388 - acc: 1.0000

1/2 [=========>....................] - ETA: 8s - loss: 0.1388 - acc: 1.0000
1/2 [=========>....................] - ETA: 8s - loss: 0.1388 - acc: 1.0000
1/2 [=========>....................] - ETA: 8s - loss: 0.1388 - acc: 1.0000
1/2 [=========>....................] - ETA: 8s - loss: 0.1388 - acc: 1.0000
2/2 [====================>.........] - ETA: 3s - loss: 0.1397 - acc: 1.0000
3/2 [================================] - 15s 5s/step - loss: 0.1408 - acc: 1.0000 - val_loss: 0.1097 - val_acc: 1.0000
2/2 [====================>.........] - ETA: 3s - loss: 0.1397 - acc: 1.0000
3/2 [================================] - 15s 5s/step - loss: 0.1408 - acc: 1.0000 - val_loss: 0.1097 - val_acc: 1.0000
2/2 [====================>.........] - ETA: 3s - loss: 0.1397 - acc: 1.0000
3/2 [================================] - 15s 5s/step - loss: 0.1408 - acc: 1.0000 - val_loss: 0.1097 - val_acc: 1.0000
2/2 [====================>.........] - ETA: 3s - loss: 0.1397 - acc: 1.0000
3/2 [================================] - 15s 5s/step - loss: 0.1408 - acc: 1.0000 - val_loss: 0.1097 - val_acc: 1.0000
2/2 [====================>.........] - ETA: 3s - loss: 0.1397 - acc: 1.0000
3/2 [================================] - 15s 5s/step - loss: 0.1408 - acc: 1.0000 - val_loss: 0.1097 - val_acc: 1.0000
2/2 [====================>.........] - ETA: 3s - loss: 0.1397 - acc: 1.0000
3/2 [================================] - 15s 5s/step - loss: 0.1408 - acc: 1.0000 - val_loss: 0.1097 - val_acc: 1.0000
2/2 [====================>.........] - ETA: 3s - loss: 0.1397 - acc: 1.0000
3/2 [================================] - 15s 5s/step - loss: 0.1408 - acc: 1.0000 - val_loss: 0.1097 - val_acc: 1.0000
2/2 [====================>.........] - ETA: 3s - loss: 0.1397 - acc: 1.0000
3/2 [================================] - 15s 5s/step - loss: 0.1408 - acc: 1.0000 - val_loss: 0.1097 - val_acc: 1.0000
2/2 [====================>.........] - ETA: 3s - loss: 0.1397 - acc: 1.0000
3/2 [================================] - 15s 5s/step - loss: 0.1408 - acc: 1.0000 - val_loss: 0.1097 - val_acc: 1.0000
2/2 [====================>.........] - ETA: 3s - loss: 0.1397 - acc: 1.0000
3/2 [================================] - 15s 5s/step - loss: 0.1408 - acc: 1.0000 - val_loss: 0.1097 - val_acc: 1.0000
2/2 [====================>.........] - ETA: 3s - loss: 0.1397 - acc: 1.0000
3/2 [================================] - 15s 5s/step - loss: 0.1408 - acc: 1.0000 - val_loss: 0.1097 - val_acc: 1.0000
2/2 [====================>.........] - ETA: 3s - loss: 0.1397 - acc: 1.0000
3/2 [================================] - 15s 5s/step - loss: 0.1408 - acc: 1.0000 - val_loss: 0.1097 - val_acc: 1.0000
Epoch 15/50

Epoch 15/50

Epoch 15/50

Epoch 15/50

Epoch 15/50

Epoch 15/50

Epoch 15/50

Epoch 15/50

Epoch 15/50

Epoch 15/50

Epoch 15/50

Epoch 15/50

1/2 [=========>....................] - ETA: 8s - loss: 0.1532 - acc: 1.0000
1/2 [=========>....................] - ETA: 8s - loss: 0.1532 - acc: 1.0000
1/2 [=========>....................] - ETA: 8s - loss: 0.1532 - acc: 1.0000
1/2 [=========>....................] - ETA: 8s - loss: 0.1532 - acc: 1.0000
1/2 [=========>....................] - ETA: 8s - loss: 0.1532 - acc: 1.0000
1/2 [=========>....................] - ETA: 8s - loss: 0.1532 - acc: 1.0000
1/2 [=========>....................] - ETA: 8s - loss: 0.1532 - acc: 1.0000
1/2 [=========>....................] - ETA: 8s - loss: 0.1532 - acc: 1.0000
1/2 [=========>....................] - ETA: 8s - loss: 0.1532 - acc: 1.0000
1/2 [=========>....................] - ETA: 8s - loss: 0.1532 - acc: 1.00001/2 [=========>....................] - ETA: 8s - loss: 0.1532 - acc: 1.0000

1/2 [=========>....................] - ETA: 8s - loss: 0.1532 - acc: 1.0000
2/2 [====================>.........] - ETA: 3s - loss: 0.1475 - acc: 1.0000
3/2 [================================] - 15s 5s/step - loss: 0.1467 - acc: 1.0000 - val_loss: 0.1037 - val_acc: 1.0000
2/2 [====================>.........] - ETA: 3s - loss: 0.1475 - acc: 1.0000
3/2 [================================] - 15s 5s/step - loss: 0.1467 - acc: 1.0000 - val_loss: 0.1037 - val_acc: 1.0000
2/2 [====================>.........] - ETA: 3s - loss: 0.1475 - acc: 1.0000
3/2 [================================] - 15s 5s/step - loss: 0.1467 - acc: 1.0000 - val_loss: 0.1037 - val_acc: 1.0000
2/2 [====================>.........] - ETA: 3s - loss: 0.1475 - acc: 1.0000
3/2 [================================] - 15s 5s/step - loss: 0.1467 - acc: 1.0000 - val_loss: 0.1037 - val_acc: 1.0000
2/2 [====================>.........] - ETA: 3s - loss: 0.1475 - acc: 1.0000
3/2 [================================] - 15s 5s/step - loss: 0.1467 - acc: 1.0000 - val_loss: 0.1037 - val_acc: 1.0000
2/2 [====================>.........] - ETA: 3s - loss: 0.1475 - acc: 1.0000
3/2 [================================] - 15s 5s/step - loss: 0.1467 - acc: 1.0000 - val_loss: 0.1037 - val_acc: 1.0000
2/2 [====================>.........] - ETA: 3s - loss: 0.1475 - acc: 1.0000
3/2 [================================] - 15s 5s/step - loss: 0.1467 - acc: 1.0000 - val_loss: 0.1037 - val_acc: 1.0000
2/2 [====================>.........] - ETA: 3s - loss: 0.1475 - acc: 1.0000
3/2 [================================] - 15s 5s/step - loss: 0.1467 - acc: 1.0000 - val_loss: 0.1037 - val_acc: 1.0000
2/2 [====================>.........] - ETA: 3s - loss: 0.1475 - acc: 1.0000
3/2 [================================] - 15s 5s/step - loss: 0.1467 - acc: 1.0000 - val_loss: 0.1037 - val_acc: 1.0000
2/2 [====================>.........] - ETA: 3s - loss: 0.1475 - acc: 1.0000
3/2 [================================] - 15s 5s/step - loss: 0.1467 - acc: 1.0000 - val_loss: 0.1037 - val_acc: 1.0000
2/2 [====================>.........] - ETA: 3s - loss: 0.1475 - acc: 1.0000
3/2 [================================] - 15s 5s/step - loss: 0.1467 - acc: 1.0000 - val_loss: 0.1037 - val_acc: 1.0000
2/2 [====================>.........] - ETA: 3s - loss: 0.1475 - acc: 1.0000
3/2 [================================] - 15s 5s/step - loss: 0.1467 - acc: 1.0000 - val_loss: 0.1037 - val_acc: 1.0000
Epoch 16/50

Epoch 16/50

Epoch 16/50

Epoch 16/50

Epoch 16/50

Epoch 16/50

Epoch 16/50

Epoch 16/50

Epoch 16/50

Epoch 16/50

Epoch 16/50

Epoch 16/50

1/2 [=========>....................] - ETA: 8s - loss: 0.1433 - acc: 1.0000
1/2 [=========>....................] - ETA: 8s - loss: 0.1433 - acc: 1.0000
1/2 [=========>....................] - ETA: 8s - loss: 0.1433 - acc: 1.00001/2 [=========>....................] - ETA: 8s - loss: 0.1433 - acc: 1.0000

1/2 [=========>....................] - ETA: 8s - loss: 0.1433 - acc: 1.00001/2 [=========>....................] - ETA: 8s - loss: 0.1433 - acc: 1.0000
1/2 [=========>....................] - ETA: 8s - loss: 0.1433 - acc: 1.0000
1/2 [=========>....................] - ETA: 8s - loss: 0.1433 - acc: 1.0000

1/2 [=========>....................] - ETA: 8s - loss: 0.1433 - acc: 1.0000
1/2 [=========>....................] - ETA: 8s - loss: 0.1433 - acc: 1.0000
1/2 [=========>....................] - ETA: 8s - loss: 0.1433 - acc: 1.0000
1/2 [=========>....................] - ETA: 8s - loss: 0.1433 - acc: 1.0000
2/2 [====================>.........] - ETA: 3s - loss: 0.1465 - acc: 1.0000
3/2 [================================] - 15s 5s/step - loss: 0.1491 - acc: 1.0000 - val_loss: 0.1044 - val_acc: 1.0000
2/2 [====================>.........] - ETA: 3s - loss: 0.1465 - acc: 1.0000
3/2 [================================] - 15s 5s/step - loss: 0.1491 - acc: 1.0000 - val_loss: 0.1044 - val_acc: 1.0000
2/2 [====================>.........] - ETA: 3s - loss: 0.1465 - acc: 1.0000
3/2 [================================] - 15s 5s/step - loss: 0.1491 - acc: 1.0000 - val_loss: 0.1044 - val_acc: 1.0000
2/2 [====================>.........] - ETA: 3s - loss: 0.1465 - acc: 1.0000
3/2 [================================] - 15s 5s/step - loss: 0.1491 - acc: 1.0000 - val_loss: 0.1044 - val_acc: 1.0000
2/2 [====================>.........] - ETA: 3s - loss: 0.1465 - acc: 1.0000
3/2 [================================] - 15s 5s/step - loss: 0.1491 - acc: 1.0000 - val_loss: 0.1044 - val_acc: 1.0000
2/2 [====================>.........] - ETA: 3s - loss: 0.1465 - acc: 1.0000
3/2 [================================] - 15s 5s/step - loss: 0.1491 - acc: 1.0000 - val_loss: 0.1044 - val_acc: 1.0000
2/2 [====================>.........] - ETA: 3s - loss: 0.1465 - acc: 1.0000
3/2 [================================] - 15s 5s/step - loss: 0.1491 - acc: 1.0000 - val_loss: 0.1044 - val_acc: 1.0000
2/2 [====================>.........] - ETA: 3s - loss: 0.1465 - acc: 1.0000
3/2 [================================] - 15s 5s/step - loss: 0.1491 - acc: 1.0000 - val_loss: 0.1044 - val_acc: 1.0000
2/2 [====================>.........] - ETA: 3s - loss: 0.1465 - acc: 1.0000
3/2 [================================] - 15s 5s/step - loss: 0.1491 - acc: 1.0000 - val_loss: 0.1044 - val_acc: 1.0000
2/2 [====================>.........] - ETA: 3s - loss: 0.1465 - acc: 1.0000
3/2 [================================] - 15s 5s/step - loss: 0.1491 - acc: 1.0000 - val_loss: 0.1044 - val_acc: 1.0000
2/2 [====================>.........] - ETA: 3s - loss: 0.1465 - acc: 1.0000
3/2 [================================] - 15s 5s/step - loss: 0.1491 - acc: 1.0000 - val_loss: 0.1044 - val_acc: 1.0000
2/2 [====================>.........] - ETA: 3s - loss: 0.1465 - acc: 1.0000
3/2 [================================] - 15s 5s/step - loss: 0.1491 - acc: 1.0000 - val_loss: 0.1044 - val_acc: 1.0000
Epoch 17/50

Epoch 17/50

Epoch 17/50

Epoch 17/50

Epoch 17/50

Epoch 17/50

Epoch 17/50

Epoch 17/50

Epoch 17/50

Epoch 17/50

Epoch 17/50

Epoch 17/50

1/2 [=========>....................] - ETA: 8s - loss: 0.1505 - acc: 1.0000
1/2 [=========>....................] - ETA: 8s - loss: 0.1505 - acc: 1.0000
1/2 [=========>....................] - ETA: 8s - loss: 0.1505 - acc: 1.0000
1/2 [=========>....................] - ETA: 8s - loss: 0.1505 - acc: 1.0000
1/2 [=========>....................] - ETA: 8s - loss: 0.1505 - acc: 1.0000
1/2 [=========>....................] - ETA: 8s - loss: 0.1505 - acc: 1.00001/2 [=========>....................] - ETA: 8s - loss: 0.1505 - acc: 1.0000

1/2 [=========>....................] - ETA: 8s - loss: 0.1505 - acc: 1.0000
1/2 [=========>....................] - ETA: 8s - loss: 0.1505 - acc: 1.0000
1/2 [=========>....................] - ETA: 8s - loss: 0.1505 - acc: 1.0000
1/2 [=========>....................] - ETA: 8s - loss: 0.1505 - acc: 1.00001/2 [=========>....................] - ETA: 8s - loss: 0.1505 - acc: 1.0000

2/2 [====================>.........] - ETA: 3s - loss: 0.1463 - acc: 1.0000
3/2 [================================] - 15s 5s/step - loss: 0.1472 - acc: 1.0000 - val_loss: 0.1087 - val_acc: 1.0000
2/2 [====================>.........] - ETA: 3s - loss: 0.1463 - acc: 1.0000
3/2 [================================] - 15s 5s/step - loss: 0.1472 - acc: 1.0000 - val_loss: 0.1087 - val_acc: 1.0000
2/2 [====================>.........] - ETA: 3s - loss: 0.1463 - acc: 1.0000
3/2 [================================] - 15s 5s/step - loss: 0.1472 - acc: 1.0000 - val_loss: 0.1087 - val_acc: 1.0000
2/2 [====================>.........] - ETA: 3s - loss: 0.1463 - acc: 1.0000
3/2 [================================] - 15s 5s/step - loss: 0.1472 - acc: 1.0000 - val_loss: 0.1087 - val_acc: 1.0000
2/2 [====================>.........] - ETA: 3s - loss: 0.1463 - acc: 1.0000
3/2 [================================] - 15s 5s/step - loss: 0.1472 - acc: 1.0000 - val_loss: 0.1087 - val_acc: 1.0000
2/2 [====================>.........] - ETA: 3s - loss: 0.1463 - acc: 1.0000
3/2 [================================] - 15s 5s/step - loss: 0.1472 - acc: 1.0000 - val_loss: 0.1087 - val_acc: 1.0000
2/2 [====================>.........] - ETA: 3s - loss: 0.1463 - acc: 1.0000
3/2 [================================] - 15s 5s/step - loss: 0.1472 - acc: 1.0000 - val_loss: 0.1087 - val_acc: 1.0000
2/2 [====================>.........] - ETA: 3s - loss: 0.1463 - acc: 1.0000
3/2 [================================] - 15s 5s/step - loss: 0.1472 - acc: 1.0000 - val_loss: 0.1087 - val_acc: 1.0000
2/2 [====================>.........] - ETA: 3s - loss: 0.1463 - acc: 1.0000
3/2 [================================] - 15s 5s/step - loss: 0.1472 - acc: 1.0000 - val_loss: 0.1087 - val_acc: 1.0000
2/2 [====================>.........] - ETA: 3s - loss: 0.1463 - acc: 1.0000
3/2 [================================] - 15s 5s/step - loss: 0.1472 - acc: 1.0000 - val_loss: 0.1087 - val_acc: 1.0000
2/2 [====================>.........] - ETA: 3s - loss: 0.1463 - acc: 1.0000
3/2 [================================] - 15s 5s/step - loss: 0.1472 - acc: 1.0000 - val_loss: 0.1087 - val_acc: 1.0000
2/2 [====================>.........] - ETA: 3s - loss: 0.1463 - acc: 1.0000
3/2 [================================] - 15s 5s/step - loss: 0.1472 - acc: 1.0000 - val_loss: 0.1087 - val_acc: 1.0000
Epoch 18/50

Epoch 18/50

Epoch 18/50

Epoch 18/50

Epoch 18/50

Epoch 18/50

Epoch 18/50

Epoch 18/50

Epoch 18/50

Epoch 18/50

Epoch 18/50

Epoch 18/50

1/2 [=========>....................] - ETA: 8s - loss: 0.1410 - acc: 1.00001/2 [=========>....................] - ETA: 8s - loss: 0.1410 - acc: 1.0000

1/2 [=========>....................] - ETA: 8s - loss: 0.1410 - acc: 1.00001/2 [=========>....................] - ETA: 8s - loss: 0.1410 - acc: 1.0000

1/2 [=========>....................] - ETA: 8s - loss: 0.1410 - acc: 1.00001/2 [=========>....................] - ETA: 8s - loss: 0.1410 - acc: 1.00001/2 [=========>....................] - ETA: 8s - loss: 0.1410 - acc: 1.0000

1/2 [=========>....................] - ETA: 8s - loss: 0.1410 - acc: 1.0000

1/2 [=========>....................] - ETA: 8s - loss: 0.1410 - acc: 1.0000
1/2 [=========>....................] - ETA: 8s - loss: 0.1410 - acc: 1.00001/2 [=========>....................] - ETA: 8s - loss: 0.1410 - acc: 1.0000

1/2 [=========>....................] - ETA: 8s - loss: 0.1410 - acc: 1.0000
2/2 [====================>.........] - ETA: 3s - loss: 0.1415 - acc: 1.0000
3/2 [================================] - 15s 5s/step - loss: 0.1441 - acc: 1.0000 - val_loss: 0.2561 - val_acc: 1.0000
2/2 [====================>.........] - ETA: 3s - loss: 0.1415 - acc: 1.0000
3/2 [================================] - 15s 5s/step - loss: 0.1441 - acc: 1.0000 - val_loss: 0.2561 - val_acc: 1.0000
2/2 [====================>.........] - ETA: 3s - loss: 0.1415 - acc: 1.0000
3/2 [================================] - 15s 5s/step - loss: 0.1441 - acc: 1.0000 - val_loss: 0.2561 - val_acc: 1.0000
2/2 [====================>.........] - ETA: 3s - loss: 0.1415 - acc: 1.0000
3/2 [================================] - 15s 5s/step - loss: 0.1441 - acc: 1.0000 - val_loss: 0.2561 - val_acc: 1.0000
2/2 [====================>.........] - ETA: 3s - loss: 0.1415 - acc: 1.0000
3/2 [================================] - 15s 5s/step - loss: 0.1441 - acc: 1.0000 - val_loss: 0.2561 - val_acc: 1.0000
2/2 [====================>.........] - ETA: 3s - loss: 0.1415 - acc: 1.0000
3/2 [================================] - 15s 5s/step - loss: 0.1441 - acc: 1.0000 - val_loss: 0.2561 - val_acc: 1.0000
2/2 [====================>.........] - ETA: 3s - loss: 0.1415 - acc: 1.0000
3/2 [================================] - 15s 5s/step - loss: 0.1441 - acc: 1.0000 - val_loss: 0.2561 - val_acc: 1.0000
2/2 [====================>.........] - ETA: 3s - loss: 0.1415 - acc: 1.0000
3/2 [================================] - 15s 5s/step - loss: 0.1441 - acc: 1.0000 - val_loss: 0.2561 - val_acc: 1.0000
2/2 [====================>.........] - ETA: 3s - loss: 0.1415 - acc: 1.0000
3/2 [================================] - 15s 5s/step - loss: 0.1441 - acc: 1.0000 - val_loss: 0.2561 - val_acc: 1.0000
2/2 [====================>.........] - ETA: 3s - loss: 0.1415 - acc: 1.0000
3/2 [================================] - 15s 5s/step - loss: 0.1441 - acc: 1.0000 - val_loss: 0.2561 - val_acc: 1.0000
2/2 [====================>.........] - ETA: 3s - loss: 0.1415 - acc: 1.0000
3/2 [================================] - 15s 5s/step - loss: 0.1441 - acc: 1.0000 - val_loss: 0.2561 - val_acc: 1.0000
2/2 [====================>.........] - ETA: 3s - loss: 0.1415 - acc: 1.0000
3/2 [================================] - 15s 5s/step - loss: 0.1441 - acc: 1.0000 - val_loss: 0.2561 - val_acc: 1.0000
Epoch 19/50

Epoch 19/50

Epoch 19/50

Epoch 19/50

Epoch 19/50

Epoch 19/50

Epoch 19/50

Epoch 19/50

Epoch 19/50

Epoch 19/50

Epoch 19/50

Epoch 19/50

1/2 [=========>....................] - ETA: 8s - loss: 0.1373 - acc: 1.0000
1/2 [=========>....................] - ETA: 8s - loss: 0.1373 - acc: 1.0000
1/2 [=========>....................] - ETA: 8s - loss: 0.1373 - acc: 1.0000
1/2 [=========>....................] - ETA: 8s - loss: 0.1373 - acc: 1.00001/2 [=========>....................] - ETA: 8s - loss: 0.1373 - acc: 1.0000

1/2 [=========>....................] - ETA: 8s - loss: 0.1373 - acc: 1.00001/2 [=========>....................] - ETA: 8s - loss: 0.1373 - acc: 1.0000
1/2 [=========>....................] - ETA: 8s - loss: 0.1373 - acc: 1.0000

1/2 [=========>....................] - ETA: 8s - loss: 0.1373 - acc: 1.0000
1/2 [=========>....................] - ETA: 8s - loss: 0.1373 - acc: 1.0000
1/2 [=========>....................] - ETA: 8s - loss: 0.1373 - acc: 1.0000
1/2 [=========>....................] - ETA: 8s - loss: 0.1373 - acc: 1.0000
2/2 [====================>.........] - ETA: 3s - loss: 0.1423 - acc: 1.0000
3/2 [================================] - 15s 5s/step - loss: 0.1438 - acc: 1.0000 - val_loss: 0.1028 - val_acc: 1.0000
2/2 [====================>.........] - ETA: 3s - loss: 0.1423 - acc: 1.0000
3/2 [================================] - 15s 5s/step - loss: 0.1438 - acc: 1.0000 - val_loss: 0.1028 - val_acc: 1.0000
2/2 [====================>.........] - ETA: 3s - loss: 0.1423 - acc: 1.0000
3/2 [================================] - 15s 5s/step - loss: 0.1438 - acc: 1.0000 - val_loss: 0.1028 - val_acc: 1.0000
2/2 [====================>.........] - ETA: 3s - loss: 0.1423 - acc: 1.0000
3/2 [================================] - 15s 5s/step - loss: 0.1438 - acc: 1.0000 - val_loss: 0.1028 - val_acc: 1.0000
2/2 [====================>.........] - ETA: 3s - loss: 0.1423 - acc: 1.0000
3/2 [================================] - 15s 5s/step - loss: 0.1438 - acc: 1.0000 - val_loss: 0.1028 - val_acc: 1.0000
2/2 [====================>.........] - ETA: 3s - loss: 0.1423 - acc: 1.0000
3/2 [================================] - 15s 5s/step - loss: 0.1438 - acc: 1.0000 - val_loss: 0.1028 - val_acc: 1.0000
2/2 [====================>.........] - ETA: 3s - loss: 0.1423 - acc: 1.0000
3/2 [================================] - 15s 5s/step - loss: 0.1438 - acc: 1.0000 - val_loss: 0.1028 - val_acc: 1.0000
2/2 [====================>.........] - ETA: 3s - loss: 0.1423 - acc: 1.0000
3/2 [================================] - 15s 5s/step - loss: 0.1438 - acc: 1.0000 - val_loss: 0.1028 - val_acc: 1.0000
2/2 [====================>.........] - ETA: 3s - loss: 0.1423 - acc: 1.0000
3/2 [================================] - 15s 5s/step - loss: 0.1438 - acc: 1.0000 - val_loss: 0.1028 - val_acc: 1.0000
2/2 [====================>.........] - ETA: 3s - loss: 0.1423 - acc: 1.0000
3/2 [================================] - 15s 5s/step - loss: 0.1438 - acc: 1.0000 - val_loss: 0.1028 - val_acc: 1.0000
2/2 [====================>.........] - ETA: 3s - loss: 0.1423 - acc: 1.0000
3/2 [================================] - 15s 5s/step - loss: 0.1438 - acc: 1.0000 - val_loss: 0.1028 - val_acc: 1.0000
2/2 [====================>.........] - ETA: 3s - loss: 0.1423 - acc: 1.0000
3/2 [================================] - 15s 5s/step - loss: 0.1438 - acc: 1.0000 - val_loss: 0.1028 - val_acc: 1.0000
Epoch 20/50

Epoch 20/50

Epoch 20/50

Epoch 20/50

Epoch 20/50

Epoch 20/50

Epoch 20/50

Epoch 20/50

Epoch 20/50

Epoch 20/50

Epoch 20/50

Epoch 20/50

1/2 [=========>....................] - ETA: 8s - loss: 0.1472 - acc: 1.0000
1/2 [=========>....................] - ETA: 8s - loss: 0.1472 - acc: 1.00001/2 [=========>....................] - ETA: 8s - loss: 0.1472 - acc: 1.0000

1/2 [=========>....................] - ETA: 8s - loss: 0.1472 - acc: 1.00001/2 [=========>....................] - ETA: 8s - loss: 0.1472 - acc: 1.0000
1/2 [=========>....................] - ETA: 8s - loss: 0.1472 - acc: 1.0000

1/2 [=========>....................] - ETA: 8s - loss: 0.1472 - acc: 1.0000
1/2 [=========>....................] - ETA: 8s - loss: 0.1472 - acc: 1.0000
1/2 [=========>....................] - ETA: 8s - loss: 0.1472 - acc: 1.0000
1/2 [=========>....................] - ETA: 8s - loss: 0.1472 - acc: 1.0000
1/2 [=========>....................] - ETA: 8s - loss: 0.1472 - acc: 1.0000
1/2 [=========>....................] - ETA: 8s - loss: 0.1472 - acc: 1.0000
2/2 [====================>.........] - ETA: 3s - loss: 0.1475 - acc: 1.0000
3/2 [================================] - 15s 5s/step - loss: 0.1464 - acc: 1.0000 - val_loss: 0.1097 - val_acc: 1.0000
2/2 [====================>.........] - ETA: 3s - loss: 0.1475 - acc: 1.0000
3/2 [================================] - 15s 5s/step - loss: 0.1464 - acc: 1.0000 - val_loss: 0.1097 - val_acc: 1.0000
2/2 [====================>.........] - ETA: 3s - loss: 0.1475 - acc: 1.0000
3/2 [================================] - 15s 5s/step - loss: 0.1464 - acc: 1.0000 - val_loss: 0.1097 - val_acc: 1.0000
2/2 [====================>.........] - ETA: 3s - loss: 0.1475 - acc: 1.0000
3/2 [================================] - 15s 5s/step - loss: 0.1464 - acc: 1.0000 - val_loss: 0.1097 - val_acc: 1.0000
2/2 [====================>.........] - ETA: 3s - loss: 0.1475 - acc: 1.0000
3/2 [================================] - 15s 5s/step - loss: 0.1464 - acc: 1.0000 - val_loss: 0.1097 - val_acc: 1.0000
2/2 [====================>.........] - ETA: 3s - loss: 0.1475 - acc: 1.0000
3/2 [================================] - 15s 5s/step - loss: 0.1464 - acc: 1.0000 - val_loss: 0.1097 - val_acc: 1.0000
2/2 [====================>.........] - ETA: 3s - loss: 0.1475 - acc: 1.0000
3/2 [================================] - 15s 5s/step - loss: 0.1464 - acc: 1.0000 - val_loss: 0.1097 - val_acc: 1.0000
2/2 [====================>.........] - ETA: 3s - loss: 0.1475 - acc: 1.0000
3/2 [================================] - 15s 5s/step - loss: 0.1464 - acc: 1.0000 - val_loss: 0.1097 - val_acc: 1.0000
2/2 [====================>.........] - ETA: 3s - loss: 0.1475 - acc: 1.0000
3/2 [================================] - 15s 5s/step - loss: 0.1464 - acc: 1.0000 - val_loss: 0.1097 - val_acc: 1.0000
2/2 [====================>.........] - ETA: 3s - loss: 0.1475 - acc: 1.0000
3/2 [================================] - 15s 5s/step - loss: 0.1464 - acc: 1.0000 - val_loss: 0.1097 - val_acc: 1.0000
2/2 [====================>.........] - ETA: 3s - loss: 0.1475 - acc: 1.0000
3/2 [================================] - 15s 5s/step - loss: 0.1464 - acc: 1.0000 - val_loss: 0.1097 - val_acc: 1.0000
2/2 [====================>.........] - ETA: 3s - loss: 0.1475 - acc: 1.0000
3/2 [================================] - 15s 5s/step - loss: 0.1464 - acc: 1.0000 - val_loss: 0.1097 - val_acc: 1.0000
Epoch 21/50

Epoch 21/50

Epoch 21/50

Epoch 21/50

Epoch 21/50

Epoch 21/50

Epoch 21/50

Epoch 21/50

Epoch 21/50

Epoch 21/50

Epoch 21/50

Epoch 21/50

1/2 [=========>....................] - ETA: 8s - loss: 0.1462 - acc: 1.0000
1/2 [=========>....................] - ETA: 8s - loss: 0.1462 - acc: 1.0000
1/2 [=========>....................] - ETA: 8s - loss: 0.1462 - acc: 1.0000
1/2 [=========>....................] - ETA: 8s - loss: 0.1462 - acc: 1.0000
1/2 [=========>....................] - ETA: 8s - loss: 0.1462 - acc: 1.00001/2 [=========>....................] - ETA: 8s - loss: 0.1462 - acc: 1.0000

1/2 [=========>....................] - ETA: 8s - loss: 0.1462 - acc: 1.0000
1/2 [=========>....................] - ETA: 8s - loss: 0.1462 - acc: 1.0000
1/2 [=========>....................] - ETA: 8s - loss: 0.1462 - acc: 1.0000
1/2 [=========>....................] - ETA: 8s - loss: 0.1462 - acc: 1.0000
1/2 [=========>....................] - ETA: 8s - loss: 0.1462 - acc: 1.0000
1/2 [=========>....................] - ETA: 8s - loss: 0.1462 - acc: 1.0000
2/2 [====================>.........] - ETA: 3s - loss: 0.1444 - acc: 1.0000
3/2 [================================] - 15s 5s/step - loss: 0.1450 - acc: 1.0000 - val_loss: 0.1037 - val_acc: 1.0000
2/2 [====================>.........] - ETA: 3s - loss: 0.1444 - acc: 1.0000
3/2 [================================] - 15s 5s/step - loss: 0.1450 - acc: 1.0000 - val_loss: 0.1037 - val_acc: 1.0000
2/2 [====================>.........] - ETA: 3s - loss: 0.1444 - acc: 1.0000
3/2 [================================] - 15s 5s/step - loss: 0.1450 - acc: 1.0000 - val_loss: 0.1037 - val_acc: 1.0000
2/2 [====================>.........] - ETA: 3s - loss: 0.1444 - acc: 1.0000
3/2 [================================] - 15s 5s/step - loss: 0.1450 - acc: 1.0000 - val_loss: 0.1037 - val_acc: 1.0000
2/2 [====================>.........] - ETA: 3s - loss: 0.1444 - acc: 1.0000
3/2 [================================] - 15s 5s/step - loss: 0.1450 - acc: 1.0000 - val_loss: 0.1037 - val_acc: 1.0000
2/2 [====================>.........] - ETA: 3s - loss: 0.1444 - acc: 1.0000
3/2 [================================] - 15s 5s/step - loss: 0.1450 - acc: 1.0000 - val_loss: 0.1037 - val_acc: 1.0000
2/2 [====================>.........] - ETA: 3s - loss: 0.1444 - acc: 1.0000
3/2 [================================] - 15s 5s/step - loss: 0.1450 - acc: 1.0000 - val_loss: 0.1037 - val_acc: 1.0000
2/2 [====================>.........] - ETA: 3s - loss: 0.1444 - acc: 1.0000
3/2 [================================] - 15s 5s/step - loss: 0.1450 - acc: 1.0000 - val_loss: 0.1037 - val_acc: 1.0000
2/2 [====================>.........] - ETA: 3s - loss: 0.1444 - acc: 1.0000
3/2 [================================] - 15s 5s/step - loss: 0.1450 - acc: 1.0000 - val_loss: 0.1037 - val_acc: 1.0000
2/2 [====================>.........] - ETA: 3s - loss: 0.1444 - acc: 1.0000
3/2 [================================] - 15s 5s/step - loss: 0.1450 - acc: 1.0000 - val_loss: 0.1037 - val_acc: 1.0000
2/2 [====================>.........] - ETA: 3s - loss: 0.1444 - acc: 1.0000
3/2 [================================] - 15s 5s/step - loss: 0.1450 - acc: 1.0000 - val_loss: 0.1037 - val_acc: 1.0000
2/2 [====================>.........] - ETA: 3s - loss: 0.1444 - acc: 1.0000
3/2 [================================] - 15s 5s/step - loss: 0.1450 - acc: 1.0000 - val_loss: 0.1037 - val_acc: 1.0000
Epoch 22/50

Epoch 22/50

Epoch 22/50

Epoch 22/50

Epoch 22/50

Epoch 22/50

Epoch 22/50

Epoch 22/50

Epoch 22/50

Epoch 22/50

Epoch 22/50

Epoch 22/50

1/2 [=========>....................] - ETA: 8s - loss: 0.1468 - acc: 1.0000
1/2 [=========>....................] - ETA: 8s - loss: 0.1468 - acc: 1.0000
1/2 [=========>....................] - ETA: 8s - loss: 0.1468 - acc: 1.00001/2 [=========>....................] - ETA: 8s - loss: 0.1468 - acc: 1.0000
1/2 [=========>....................] - ETA: 8s - loss: 0.1468 - acc: 1.0000

1/2 [=========>....................] - ETA: 8s - loss: 0.1468 - acc: 1.0000
1/2 [=========>....................] - ETA: 8s - loss: 0.1468 - acc: 1.0000
1/2 [=========>....................] - ETA: 8s - loss: 0.1468 - acc: 1.0000
1/2 [=========>....................] - ETA: 8s - loss: 0.1468 - acc: 1.0000
1/2 [=========>....................] - ETA: 8s - loss: 0.1468 - acc: 1.0000
1/2 [=========>....................] - ETA: 8s - loss: 0.1468 - acc: 1.0000
1/2 [=========>....................] - ETA: 8s - loss: 0.1468 - acc: 1.0000
2/2 [====================>.........] - ETA: 3s - loss: 0.1478 - acc: 1.0000
3/2 [================================] - 15s 5s/step - loss: 0.1460 - acc: 1.0000 - val_loss: 0.1044 - val_acc: 1.0000
2/2 [====================>.........] - ETA: 3s - loss: 0.1478 - acc: 1.0000
3/2 [================================] - 15s 5s/step - loss: 0.1460 - acc: 1.0000 - val_loss: 0.1044 - val_acc: 1.0000
2/2 [====================>.........] - ETA: 3s - loss: 0.1478 - acc: 1.0000
3/2 [================================] - 15s 5s/step - loss: 0.1460 - acc: 1.0000 - val_loss: 0.1044 - val_acc: 1.0000
2/2 [====================>.........] - ETA: 3s - loss: 0.1478 - acc: 1.0000
3/2 [================================] - 15s 5s/step - loss: 0.1460 - acc: 1.0000 - val_loss: 0.1044 - val_acc: 1.0000
2/2 [====================>.........] - ETA: 3s - loss: 0.1478 - acc: 1.0000
3/2 [================================] - 15s 5s/step - loss: 0.1460 - acc: 1.0000 - val_loss: 0.1044 - val_acc: 1.0000
2/2 [====================>.........] - ETA: 3s - loss: 0.1478 - acc: 1.0000
3/2 [================================] - 15s 5s/step - loss: 0.1460 - acc: 1.0000 - val_loss: 0.1044 - val_acc: 1.0000
2/2 [====================>.........] - ETA: 3s - loss: 0.1478 - acc: 1.0000
3/2 [================================] - 15s 5s/step - loss: 0.1460 - acc: 1.0000 - val_loss: 0.1044 - val_acc: 1.0000
2/2 [====================>.........] - ETA: 3s - loss: 0.1478 - acc: 1.0000
3/2 [================================] - 15s 5s/step - loss: 0.1460 - acc: 1.0000 - val_loss: 0.1044 - val_acc: 1.0000
2/2 [====================>.........] - ETA: 3s - loss: 0.1478 - acc: 1.0000
3/2 [================================] - 15s 5s/step - loss: 0.1460 - acc: 1.0000 - val_loss: 0.1044 - val_acc: 1.0000
2/2 [====================>.........] - ETA: 3s - loss: 0.1478 - acc: 1.0000
3/2 [================================] - 15s 5s/step - loss: 0.1460 - acc: 1.0000 - val_loss: 0.1044 - val_acc: 1.0000
2/2 [====================>.........] - ETA: 3s - loss: 0.1478 - acc: 1.0000
3/2 [================================] - 15s 5s/step - loss: 0.1460 - acc: 1.0000 - val_loss: 0.1044 - val_acc: 1.0000
2/2 [====================>.........] - ETA: 3s - loss: 0.1478 - acc: 1.0000
3/2 [================================] - 15s 5s/step - loss: 0.1460 - acc: 1.0000 - val_loss: 0.1044 - val_acc: 1.0000
Epoch 23/50

Epoch 23/50

Epoch 23/50

Epoch 23/50

Epoch 23/50

Epoch 23/50

Epoch 23/50

Epoch 23/50

Epoch 23/50

Epoch 23/50

Epoch 23/50

Epoch 23/50

1/2 [=========>....................] - ETA: 8s - loss: 0.1389 - acc: 1.0000
1/2 [=========>....................] - ETA: 8s - loss: 0.1389 - acc: 1.00001/2 [=========>....................] - ETA: 8s - loss: 0.1389 - acc: 1.0000

1/2 [=========>....................] - ETA: 8s - loss: 0.1389 - acc: 1.00001/2 [=========>....................] - ETA: 8s - loss: 0.1389 - acc: 1.00001/2 [=========>....................] - ETA: 8s - loss: 0.1389 - acc: 1.0000

1/2 [=========>....................] - ETA: 8s - loss: 0.1389 - acc: 1.0000

1/2 [=========>....................] - ETA: 8s - loss: 0.1389 - acc: 1.0000
1/2 [=========>....................] - ETA: 8s - loss: 0.1389 - acc: 1.0000
1/2 [=========>....................] - ETA: 8s - loss: 0.1389 - acc: 1.0000
1/2 [=========>....................] - ETA: 8s - loss: 0.1389 - acc: 1.0000
1/2 [=========>....................] - ETA: 8s - loss: 0.1389 - acc: 1.0000
2/2 [====================>.........] - ETA: 3s - loss: 0.1392 - acc: 1.0000
3/2 [================================] - 15s 5s/step - loss: 0.1423 - acc: 1.0000 - val_loss: 0.1087 - val_acc: 1.0000
2/2 [====================>.........] - ETA: 3s - loss: 0.1392 - acc: 1.0000
3/2 [================================] - 15s 5s/step - loss: 0.1423 - acc: 1.0000 - val_loss: 0.1087 - val_acc: 1.0000
2/2 [====================>.........] - ETA: 3s - loss: 0.1392 - acc: 1.0000
3/2 [================================] - 15s 5s/step - loss: 0.1423 - acc: 1.0000 - val_loss: 0.1087 - val_acc: 1.0000
2/2 [====================>.........] - ETA: 3s - loss: 0.1392 - acc: 1.0000
3/2 [================================] - 15s 5s/step - loss: 0.1423 - acc: 1.0000 - val_loss: 0.1087 - val_acc: 1.0000
2/2 [====================>.........] - ETA: 3s - loss: 0.1392 - acc: 1.0000
3/2 [================================] - 15s 5s/step - loss: 0.1423 - acc: 1.0000 - val_loss: 0.1087 - val_acc: 1.0000
2/2 [====================>.........] - ETA: 3s - loss: 0.1392 - acc: 1.0000
3/2 [================================] - 15s 5s/step - loss: 0.1423 - acc: 1.0000 - val_loss: 0.1087 - val_acc: 1.0000
2/2 [====================>.........] - ETA: 3s - loss: 0.1392 - acc: 1.0000
3/2 [================================] - 15s 5s/step - loss: 0.1423 - acc: 1.0000 - val_loss: 0.1087 - val_acc: 1.0000
2/2 [====================>.........] - ETA: 3s - loss: 0.1392 - acc: 1.0000
3/2 [================================] - 15s 5s/step - loss: 0.1423 - acc: 1.0000 - val_loss: 0.1087 - val_acc: 1.0000
2/2 [====================>.........] - ETA: 3s - loss: 0.1392 - acc: 1.0000
3/2 [================================] - 15s 5s/step - loss: 0.1423 - acc: 1.0000 - val_loss: 0.1087 - val_acc: 1.0000
2/2 [====================>.........] - ETA: 3s - loss: 0.1392 - acc: 1.0000
3/2 [================================] - 15s 5s/step - loss: 0.1423 - acc: 1.0000 - val_loss: 0.1087 - val_acc: 1.0000
2/2 [====================>.........] - ETA: 3s - loss: 0.1392 - acc: 1.0000
3/2 [================================] - 15s 5s/step - loss: 0.1423 - acc: 1.0000 - val_loss: 0.1087 - val_acc: 1.0000
2/2 [====================>.........] - ETA: 3s - loss: 0.1392 - acc: 1.0000
3/2 [================================] - 15s 5s/step - loss: 0.1423 - acc: 1.0000 - val_loss: 0.1087 - val_acc: 1.0000
Epoch 24/50

Epoch 24/50

Epoch 24/50

Epoch 24/50

Epoch 24/50

Epoch 24/50

Epoch 24/50

Epoch 24/50

Epoch 24/50

Epoch 24/50

Epoch 24/50

Epoch 24/50

1/2 [=========>....................] - ETA: 8s - loss: 0.1419 - acc: 1.0000
1/2 [=========>....................] - ETA: 8s - loss: 0.1419 - acc: 1.00001/2 [=========>....................] - ETA: 8s - loss: 0.1419 - acc: 1.0000

1/2 [=========>....................] - ETA: 8s - loss: 0.1419 - acc: 1.0000
1/2 [=========>....................] - ETA: 8s - loss: 0.1419 - acc: 1.00001/2 [=========>....................] - ETA: 8s - loss: 0.1419 - acc: 1.0000

1/2 [=========>....................] - ETA: 8s - loss: 0.1419 - acc: 1.00001/2 [=========>....................] - ETA: 8s - loss: 0.1419 - acc: 1.0000

1/2 [=========>....................] - ETA: 8s - loss: 0.1419 - acc: 1.0000
1/2 [=========>....................] - ETA: 8s - loss: 0.1419 - acc: 1.0000
1/2 [=========>....................] - ETA: 8s - loss: 0.1419 - acc: 1.00001/2 [=========>....................] - ETA: 8s - loss: 0.1419 - acc: 1.0000

2/2 [====================>.........] - ETA: 3s - loss: 0.1456 - acc: 1.0000
3/2 [================================] - 15s 5s/step - loss: 0.1461 - acc: 1.0000 - val_loss: 0.2561 - val_acc: 1.0000
2/2 [====================>.........] - ETA: 3s - loss: 0.1456 - acc: 1.0000
3/2 [================================] - 15s 5s/step - loss: 0.1461 - acc: 1.0000 - val_loss: 0.2561 - val_acc: 1.0000
2/2 [====================>.........] - ETA: 3s - loss: 0.1456 - acc: 1.0000
3/2 [================================] - 15s 5s/step - loss: 0.1461 - acc: 1.0000 - val_loss: 0.2561 - val_acc: 1.0000
2/2 [====================>.........] - ETA: 3s - loss: 0.1456 - acc: 1.0000
3/2 [================================] - 15s 5s/step - loss: 0.1461 - acc: 1.0000 - val_loss: 0.2561 - val_acc: 1.0000
2/2 [====================>.........] - ETA: 3s - loss: 0.1456 - acc: 1.0000
3/2 [================================] - 15s 5s/step - loss: 0.1461 - acc: 1.0000 - val_loss: 0.2561 - val_acc: 1.0000
2/2 [====================>.........] - ETA: 3s - loss: 0.1456 - acc: 1.0000
3/2 [================================] - 15s 5s/step - loss: 0.1461 - acc: 1.0000 - val_loss: 0.2561 - val_acc: 1.0000
2/2 [====================>.........] - ETA: 3s - loss: 0.1456 - acc: 1.0000
3/2 [================================] - 15s 5s/step - loss: 0.1461 - acc: 1.0000 - val_loss: 0.2561 - val_acc: 1.0000
2/2 [====================>.........] - ETA: 3s - loss: 0.1456 - acc: 1.0000
3/2 [================================] - 15s 5s/step - loss: 0.1461 - acc: 1.0000 - val_loss: 0.2561 - val_acc: 1.0000
2/2 [====================>.........] - ETA: 3s - loss: 0.1456 - acc: 1.0000
3/2 [================================] - 15s 5s/step - loss: 0.1461 - acc: 1.0000 - val_loss: 0.2561 - val_acc: 1.0000
2/2 [====================>.........] - ETA: 3s - loss: 0.1456 - acc: 1.0000
3/2 [================================] - 15s 5s/step - loss: 0.1461 - acc: 1.0000 - val_loss: 0.2561 - val_acc: 1.0000
2/2 [====================>.........] - ETA: 3s - loss: 0.1456 - acc: 1.0000
3/2 [================================] - 15s 5s/step - loss: 0.1461 - acc: 1.0000 - val_loss: 0.2561 - val_acc: 1.0000
2/2 [====================>.........] - ETA: 3s - loss: 0.1456 - acc: 1.0000
3/2 [================================] - 15s 5s/step - loss: 0.1461 - acc: 1.0000 - val_loss: 0.2561 - val_acc: 1.0000
Epoch 25/50

Epoch 25/50

Epoch 25/50

Epoch 25/50

Epoch 25/50

Epoch 25/50

Epoch 25/50

Epoch 25/50

Epoch 25/50

Epoch 25/50

Epoch 25/50

Epoch 25/50

1/2 [=========>....................] - ETA: 8s - loss: 0.1376 - acc: 1.00001/2 [=========>....................] - ETA: 8s - loss: 0.1376 - acc: 1.0000

1/2 [=========>....................] - ETA: 8s - loss: 0.1376 - acc: 1.00001/2 [=========>....................] - ETA: 8s - loss: 0.1376 - acc: 1.0000

1/2 [=========>....................] - ETA: 8s - loss: 0.1376 - acc: 1.0000
1/2 [=========>....................] - ETA: 8s - loss: 0.1376 - acc: 1.00001/2 [=========>....................] - ETA: 8s - loss: 0.1376 - acc: 1.0000

1/2 [=========>....................] - ETA: 8s - loss: 0.1376 - acc: 1.00001/2 [=========>....................] - ETA: 8s - loss: 0.1376 - acc: 1.0000

1/2 [=========>....................] - ETA: 8s - loss: 0.1376 - acc: 1.0000
1/2 [=========>....................] - ETA: 8s - loss: 0.1376 - acc: 1.0000
1/2 [=========>....................] - ETA: 8s - loss: 0.1376 - acc: 1.0000
